2022-12-22 12:26:20 [background-preinit] INFO  o.h.validator.internal.util.Version - HV000001: Hibernate Validator 6.1.5.Final
2022-12-22 12:26:20 [main] INFO  o.s.c.c.c.ConfigServicePropertySourceLocator - Fetching config from server at : http://localhost:8888
2022-12-22 12:26:21 [main] INFO  o.s.c.c.c.ConfigServicePropertySourceLocator - Located environment: name=elastic-query-service,config-client, profiles=[elastic_query], label=null, version=f48979f5a93f2e9e60353ccd6f400fa3ed446b30, state=null
2022-12-22 12:26:21 [main] INFO  o.s.c.b.c.PropertySourceBootstrapConfiguration - Located property source: [BootstrapPropertySource {name='bootstrapProperties-configClient'}, BootstrapPropertySource {name='bootstrapProperties-https://github.com/eno-lc/spring-cloud-config-server-repository/config-client-elastic_query.yml'}, BootstrapPropertySource {name='bootstrapProperties-https://github.com/eno-lc/spring-cloud-config-server-repository/config-client.yml'}]
2022-12-22 12:26:21 [main] INFO  c.m.d.e.q.s.ElasticQueryServiceApplication - The following profiles are active: elastic_query
2022-12-22 12:26:22 [main] INFO  o.s.d.r.c.RepositoryConfigurationDelegate - Multiple Spring Data modules found, entering strict repository configuration mode!
2022-12-22 12:26:22 [main] INFO  o.s.d.r.c.RepositoryConfigurationDelegate - Bootstrapping Spring Data Elasticsearch repositories in DEFAULT mode.
2022-12-22 12:26:22 [main] INFO  o.s.d.r.c.RepositoryConfigurationExtensionSupport - Spring Data Elasticsearch - Could not safely identify store assignment for repository candidate interface com.microservices.demo.elastic.query.service.dataaccess.repository.UserPermissionRepository. If you want this repository to be a Elasticsearch repository, consider annotating your entities with one of these annotations: org.springframework.data.elasticsearch.annotations.Document (preferred), or consider extending one of the following types with your repository: org.springframework.data.elasticsearch.repository.ElasticsearchRepository, org.springframework.data.elasticsearch.repository.ElasticsearchRepository.
2022-12-22 12:26:22 [main] INFO  o.s.d.r.c.RepositoryConfigurationDelegate - Finished Spring Data repository scanning in 58ms. Found 1 Elasticsearch repository interfaces.
2022-12-22 12:26:22 [main] INFO  o.s.d.r.c.RepositoryConfigurationDelegate - Multiple Spring Data modules found, entering strict repository configuration mode!
2022-12-22 12:26:22 [main] INFO  o.s.d.r.c.RepositoryConfigurationDelegate - Bootstrapping Spring Data Reactive Elasticsearch repositories in DEFAULT mode.
2022-12-22 12:26:22 [main] INFO  o.s.d.r.c.RepositoryConfigurationExtensionSupport - Spring Data Reactive Elasticsearch - Could not safely identify store assignment for repository candidate interface com.microservices.demo.elastic.query.service.dataaccess.repository.UserPermissionRepository. If you want this repository to be a Reactive Elasticsearch repository, consider annotating your entities with one of these annotations: org.springframework.data.elasticsearch.annotations.Document (preferred), or consider extending one of the following types with your repository: org.springframework.data.elasticsearch.repository.ReactiveElasticsearchRepository.
2022-12-22 12:26:22 [main] INFO  o.s.d.r.c.RepositoryConfigurationDelegate - Finished Spring Data repository scanning in 11ms. Found 0 Reactive Elasticsearch repository interfaces.
2022-12-22 12:26:22 [main] INFO  o.s.d.r.c.RepositoryConfigurationDelegate - Multiple Spring Data modules found, entering strict repository configuration mode!
2022-12-22 12:26:22 [main] INFO  o.s.d.r.c.RepositoryConfigurationDelegate - Bootstrapping Spring Data JPA repositories in DEFERRED mode.
2022-12-22 12:26:22 [main] INFO  o.s.d.r.c.RepositoryConfigurationDelegate - Finished Spring Data repository scanning in 14ms. Found 1 JPA repository interfaces.
2022-12-22 12:26:22 [main] INFO  o.s.cloud.context.scope.GenericScope - BeanFactory id=7a9f62fa-432b-3edc-8e19-d30151c78fd1
2022-12-22 12:26:22 [main] INFO  o.s.c.s.PostProcessorRegistrationDelegate$BeanPostProcessorChecker - Bean 'org.springframework.security.access.expression.method.DefaultMethodSecurityExpressionHandler@2d5a1588' of type [org.springframework.security.access.expression.method.DefaultMethodSecurityExpressionHandler] is not eligible for getting processed by all BeanPostProcessors (for example: not eligible for auto-proxying)
2022-12-22 12:26:22 [main] INFO  o.s.c.s.PostProcessorRegistrationDelegate$BeanPostProcessorChecker - Bean 'methodSecurityMetadataSource' of type [org.springframework.security.access.method.DelegatingMethodSecurityMetadataSource] is not eligible for getting processed by all BeanPostProcessors (for example: not eligible for auto-proxying)
2022-12-22 12:26:23 [main] INFO  o.s.b.w.e.tomcat.TomcatWebServer - Tomcat initialized with port(s): 8183 (http)
2022-12-22 12:26:23 [main] INFO  o.a.coyote.http11.Http11NioProtocol - Initializing ProtocolHandler ["http-nio-8183"]
2022-12-22 12:26:23 [main] INFO  o.a.catalina.core.StandardService - Starting service [Tomcat]
2022-12-22 12:26:23 [main] INFO  o.a.catalina.core.StandardEngine - Starting Servlet engine: [Apache Tomcat/9.0.38]
2022-12-22 12:26:23 [main] INFO  o.a.c.c.C.[.[.[/elastic-query-service] - Initializing Spring embedded WebApplicationContext
2022-12-22 12:26:23 [main] INFO  o.s.b.w.s.c.ServletWebServerApplicationContext - Root WebApplicationContext: initialization completed in 1406 ms
2022-12-22 12:26:23 [main] INFO  com.zaxxer.hikari.HikariDataSource - HikariPool-1 - Starting...
2022-12-22 12:26:23 [main] INFO  com.zaxxer.hikari.HikariDataSource - HikariPool-1 - Start completed.
2022-12-22 12:26:23 [main] INFO  o.s.s.c.ThreadPoolTaskExecutor - Initializing ExecutorService 'applicationTaskExecutor'
2022-12-22 12:26:23 [task-1] INFO  o.h.jpa.internal.util.LogHelper - HHH000204: Processing PersistenceUnitInfo [name: default]
2022-12-22 12:26:23 [main] WARN  o.s.data.convert.CustomConversions - Registering converter from class org.springframework.data.geo.Point to interface java.util.Map as writing converter although it doesn't convert to a store-supported type! You might want to check your annotation setup at the converter implementation.
2022-12-22 12:26:23 [main] WARN  o.s.data.convert.CustomConversions - Registering converter from interface java.util.Map to class org.springframework.data.geo.Point as reading converter although it doesn't convert from a store-supported type! You might want to check your annotation setup at the converter implementation.
2022-12-22 12:26:23 [main] WARN  o.s.data.convert.CustomConversions - Registering converter from class org.springframework.data.elasticsearch.core.geo.GeoPoint to interface java.util.Map as writing converter although it doesn't convert to a store-supported type! You might want to check your annotation setup at the converter implementation.
2022-12-22 12:26:23 [main] WARN  o.s.data.convert.CustomConversions - Registering converter from interface java.util.Map to class org.springframework.data.elasticsearch.core.geo.GeoPoint as reading converter although it doesn't convert from a store-supported type! You might want to check your annotation setup at the converter implementation.
2022-12-22 12:26:23 [task-1] INFO  org.hibernate.Version - HHH000412: Hibernate ORM core version 5.4.21.Final
2022-12-22 12:26:23 [main] WARN  o.s.data.convert.CustomConversions - Registering converter from class org.springframework.data.geo.Point to interface java.util.Map as writing converter although it doesn't convert to a store-supported type! You might want to check your annotation setup at the converter implementation.
2022-12-22 12:26:23 [main] WARN  o.s.data.convert.CustomConversions - Registering converter from interface java.util.Map to class org.springframework.data.geo.Point as reading converter although it doesn't convert from a store-supported type! You might want to check your annotation setup at the converter implementation.
2022-12-22 12:26:23 [main] WARN  o.s.data.convert.CustomConversions - Registering converter from class org.springframework.data.elasticsearch.core.geo.GeoPoint to interface java.util.Map as writing converter although it doesn't convert to a store-supported type! You might want to check your annotation setup at the converter implementation.
2022-12-22 12:26:23 [main] WARN  o.s.data.convert.CustomConversions - Registering converter from interface java.util.Map to class org.springframework.data.elasticsearch.core.geo.GeoPoint as reading converter although it doesn't convert from a store-supported type! You might want to check your annotation setup at the converter implementation.
2022-12-22 12:26:24 [task-1] INFO  o.h.annotations.common.Version - HCANN000001: Hibernate Commons Annotations {5.1.0.Final}
2022-12-22 12:26:24 [task-1] INFO  org.hibernate.dialect.Dialect - HHH000400: Using dialect: org.hibernate.dialect.PostgreSQL9Dialect
2022-12-22 12:26:24 [main] INFO  o.s.d.e.support.VersionInfo - Version Spring Data Elasticsearch: 4.0.4.RELEASE
2022-12-22 12:26:24 [main] INFO  o.s.d.e.support.VersionInfo - Version Elasticsearch Client in build: 7.6.2
2022-12-22 12:26:24 [main] INFO  o.s.d.e.support.VersionInfo - Version Elasticsearch Client used: 7.9.1
2022-12-22 12:26:24 [main] WARN  o.s.d.e.support.VersionInfo - Version mismatch in between Elasticsearch Clients build/use: 7.6.2 - 7.9.1
2022-12-22 12:26:24 [main] INFO  o.s.d.e.support.VersionInfo - Version Elasticsearch cluster: 7.9.1
2022-12-22 12:26:25 [task-1] INFO  o.h.e.t.j.p.i.JtaPlatformInitiator - HHH000490: Using JtaPlatform implementation: [org.hibernate.engine.transaction.jta.platform.internal.NoJtaPlatform]
2022-12-22 12:26:25 [task-1] INFO  o.s.o.j.LocalContainerEntityManagerFactoryBean - Initialized JPA EntityManagerFactory for persistence unit 'default'
2022-12-22 12:26:25 [main] INFO  o.s.s.web.DefaultSecurityFilterChain - Creating filter chain: Ant [pattern='/api-docs'], []
2022-12-22 12:26:25 [main] INFO  o.s.s.web.DefaultSecurityFilterChain - Creating filter chain: any request, [org.springframework.security.web.context.request.async.WebAsyncManagerIntegrationFilter@2ebcbf9d, org.springframework.security.web.context.SecurityContextPersistenceFilter@2d36add1, org.springframework.security.web.header.HeaderWriterFilter@4b9d2cee, org.springframework.security.web.authentication.logout.LogoutFilter@542beecb, org.springframework.security.oauth2.server.resource.web.BearerTokenAuthenticationFilter@75e92bb7, org.springframework.security.web.savedrequest.RequestCacheAwareFilter@4271b748, org.springframework.security.web.servletapi.SecurityContextHolderAwareRequestFilter@6d4c7248, org.springframework.security.web.authentication.AnonymousAuthenticationFilter@7bfc36d5, org.springframework.security.web.session.SessionManagementFilter@236a3e4, org.springframework.security.web.access.ExceptionTranslationFilter@57bfca3a, org.springframework.security.web.access.intercept.FilterSecurityInterceptor@7ffe8a82]
2022-12-22 12:26:26 [main] INFO  o.a.coyote.http11.Http11NioProtocol - Starting ProtocolHandler ["http-nio-8183"]
2022-12-22 12:26:26 [main] INFO  o.s.b.w.e.tomcat.TomcatWebServer - Tomcat started on port(s): 8183 (http) with context path '/elastic-query-service'
2022-12-22 12:26:26 [main] INFO  o.s.d.r.c.DeferredRepositoryInitializationListener - Triggering deferred initialization of Spring Data repositories…
2022-12-22 12:26:26 [main] INFO  o.s.d.r.c.DeferredRepositoryInitializationListener - Spring Data repositories initialized!
2022-12-22 12:26:26 [main] INFO  c.m.d.e.q.s.ElasticQueryServiceApplication - Started ElasticQueryServiceApplication in 6.703 seconds (JVM running for 7.644)
2022-12-22 12:27:23 [http-nio-8183-exec-1] INFO  o.a.c.c.C.[.[.[/elastic-query-service] - Initializing Spring DispatcherServlet 'dispatcherServlet'
2022-12-22 12:27:23 [http-nio-8183-exec-1] INFO  o.s.web.servlet.DispatcherServlet - Initializing Servlet 'dispatcherServlet'
2022-12-22 12:27:23 [http-nio-8183-exec-1] INFO  o.s.web.servlet.DispatcherServlet - Completed initialization in 6 ms
2022-12-22 12:27:23 [http-nio-8183-exec-1] INFO  c.m.d.e.q.s.b.i.TwitterQueryUserService - Finding permissions by username app_super_user
2022-12-22 12:27:23 [http-nio-8183-exec-1] INFO  c.m.d.e.q.s.b.i.TwitterElasticQueryService - Querying elasticsearch by text Test
2022-12-22 12:27:24 [http-nio-8183-exec-1] INFO  c.m.d.e.q.c.s.i.TwitterElasticRepositoryQueryClient - 4 Documents with text Test retrieved successfully
2022-12-22 12:27:24 [http-nio-8183-exec-1] INFO  c.m.d.e.q.s.a.ElasticDocumentController - Elasticsearch returned 4 of documents on port 8183
2022-12-22 12:27:28 [http-nio-8183-exec-2] INFO  c.m.d.e.q.s.b.i.TwitterQueryUserService - Finding permissions by username app_super_user
2022-12-22 12:27:28 [http-nio-8183-exec-2] INFO  c.m.d.e.q.s.b.i.TwitterElasticQueryService - Querying elasticsearch by text asd
2022-12-22 12:27:28 [http-nio-8183-exec-2] INFO  c.m.d.e.q.c.s.i.TwitterElasticRepositoryQueryClient - 3 Documents with text asd retrieved successfully
2022-12-22 12:27:28 [http-nio-8183-exec-2] INFO  c.m.d.e.q.s.a.ElasticDocumentController - Elasticsearch returned 3 of documents on port 8183
2022-12-22 12:27:31 [http-nio-8183-exec-3] INFO  c.m.d.e.q.s.b.i.TwitterQueryUserService - Finding permissions by username app_super_user
2022-12-22 12:27:31 [http-nio-8183-exec-3] INFO  c.m.d.e.q.s.b.i.TwitterElasticQueryService - Querying elasticsearch by text java
2022-12-22 12:27:31 [http-nio-8183-exec-3] INFO  c.m.d.e.q.c.s.i.TwitterElasticRepositoryQueryClient - 225 Documents with text java retrieved successfully
2022-12-22 12:27:31 [http-nio-8183-exec-3] INFO  c.m.d.e.q.s.a.ElasticDocumentController - Elasticsearch returned 225 of documents on port 8183
2022-12-22 12:27:35 [http-nio-8183-exec-4] INFO  c.m.d.e.q.s.b.i.TwitterQueryUserService - Finding permissions by username app_super_user
2022-12-22 12:27:35 [http-nio-8183-exec-4] INFO  c.m.d.e.q.s.b.i.TwitterElasticQueryService - Querying elasticsearch by text kafka
2022-12-22 12:27:35 [http-nio-8183-exec-4] INFO  c.m.d.e.q.c.s.i.TwitterElasticRepositoryQueryClient - 71 Documents with text kafka retrieved successfully
2022-12-22 12:27:35 [http-nio-8183-exec-4] INFO  c.m.d.e.q.s.a.ElasticDocumentController - Elasticsearch returned 71 of documents on port 8183
2022-12-22 12:29:22 [http-nio-8183-exec-6] INFO  c.m.d.e.q.s.b.i.TwitterQueryUserService - Finding permissions by username app_super_user
2022-12-22 12:29:22 [http-nio-8183-exec-6] INFO  c.m.d.e.q.s.b.i.TwitterElasticQueryService - Querying elasticsearch by text kafka
2022-12-22 12:29:22 [http-nio-8183-exec-6] INFO  c.m.d.e.q.c.s.i.TwitterElasticRepositoryQueryClient - 71 Documents with text kafka retrieved successfully
2022-12-22 12:29:22 [http-nio-8183-exec-6] INFO  c.m.d.e.q.s.a.ElasticDocumentController - Elasticsearch returned 71 of documents on port 8183
2022-12-22 12:42:11 [http-nio-8183-exec-8] INFO  c.m.d.e.q.s.b.i.TwitterQueryUserService - Finding permissions by username app_super_user
2022-12-22 12:42:11 [http-nio-8183-exec-8] INFO  c.m.d.e.q.s.b.i.TwitterElasticQueryService - Querying elasticsearch by text test
2022-12-22 12:42:11 [http-nio-8183-exec-8] INFO  c.m.d.e.q.c.s.i.TwitterElasticRepositoryQueryClient - 4 Documents with text test retrieved successfully
2022-12-22 12:42:11 [http-nio-8183-exec-8] INFO  c.m.d.e.q.s.a.ElasticDocumentController - Elasticsearch returned 4 of documents on port 8183
2022-12-22 12:42:14 [http-nio-8183-exec-9] INFO  c.m.d.e.q.s.b.i.TwitterQueryUserService - Finding permissions by username app_super_user
2022-12-22 12:42:14 [http-nio-8183-exec-9] INFO  c.m.d.e.q.s.b.i.TwitterElasticQueryService - Querying elasticsearch by text kafka
2022-12-22 12:42:14 [http-nio-8183-exec-9] INFO  c.m.d.e.q.c.s.i.TwitterElasticRepositoryQueryClient - 71 Documents with text kafka retrieved successfully
2022-12-22 12:42:14 [http-nio-8183-exec-9] INFO  c.m.d.e.q.s.a.ElasticDocumentController - Elasticsearch returned 71 of documents on port 8183
2022-12-22 12:42:45 [http-nio-8183-exec-10] INFO  c.m.d.e.q.s.b.i.TwitterQueryUserService - Finding permissions by username app_super_user
2022-12-22 12:42:45 [http-nio-8183-exec-10] INFO  c.m.d.e.q.s.b.i.TwitterElasticQueryService - Querying elasticsearch by text asd
2022-12-22 12:42:45 [http-nio-8183-exec-10] INFO  c.m.d.e.q.c.s.i.TwitterElasticRepositoryQueryClient - 3 Documents with text asd retrieved successfully
2022-12-22 12:42:45 [http-nio-8183-exec-10] INFO  c.m.d.e.q.s.a.ElasticDocumentController - Elasticsearch returned 3 of documents on port 8183
2022-12-22 12:44:12 [http-nio-8183-exec-3] INFO  c.m.d.e.q.s.b.i.TwitterQueryUserService - Finding permissions by username app_super_user
2022-12-22 12:44:12 [http-nio-8183-exec-3] INFO  c.m.d.e.q.s.b.i.TwitterElasticQueryService - Querying elasticsearch by text enishalilaj
2022-12-22 12:44:12 [http-nio-8183-exec-3] INFO  c.m.d.e.q.c.s.i.TwitterElasticRepositoryQueryClient - 0 Documents with text enishalilaj retrieved successfully
2022-12-22 12:44:12 [http-nio-8183-exec-3] INFO  c.m.d.e.q.s.a.ElasticDocumentController - Elasticsearch returned 0 of documents on port 8183
2022-12-22 12:44:20 [http-nio-8183-exec-4] INFO  c.m.d.e.q.s.b.i.TwitterQueryUserService - Finding permissions by username app_super_user
2022-12-22 12:44:20 [http-nio-8183-exec-4] INFO  c.m.d.e.q.s.b.i.TwitterElasticQueryService - Querying elasticsearch by text enishalilaj
2022-12-22 12:44:20 [http-nio-8183-exec-4] INFO  c.m.d.e.q.c.s.i.TwitterElasticRepositoryQueryClient - 0 Documents with text enishalilaj retrieved successfully
2022-12-22 12:44:20 [http-nio-8183-exec-4] INFO  c.m.d.e.q.s.a.ElasticDocumentController - Elasticsearch returned 0 of documents on port 8183
2022-12-22 12:44:30 [http-nio-8183-exec-5] INFO  c.m.d.e.q.s.b.i.TwitterQueryUserService - Finding permissions by username app_super_user
2022-12-22 12:44:30 [http-nio-8183-exec-5] INFO  c.m.d.e.q.s.b.i.TwitterElasticQueryService - Querying elasticsearch by text dababa
2022-12-22 12:44:30 [http-nio-8183-exec-5] INFO  c.m.d.e.q.c.s.i.TwitterElasticRepositoryQueryClient - 0 Documents with text dababa retrieved successfully
2022-12-22 12:44:30 [http-nio-8183-exec-5] INFO  c.m.d.e.q.s.a.ElasticDocumentController - Elasticsearch returned 0 of documents on port 8183
2022-12-22 12:44:37 [http-nio-8183-exec-6] INFO  c.m.d.e.q.s.b.i.TwitterQueryUserService - Finding permissions by username app_super_user
2022-12-22 12:44:37 [http-nio-8183-exec-6] INFO  c.m.d.e.q.s.b.i.TwitterElasticQueryService - Querying elasticsearch by text dababa
2022-12-22 12:44:37 [http-nio-8183-exec-6] INFO  c.m.d.e.q.c.s.i.TwitterElasticRepositoryQueryClient - 0 Documents with text dababa retrieved successfully
2022-12-22 12:44:37 [http-nio-8183-exec-6] INFO  c.m.d.e.q.s.a.ElasticDocumentController - Elasticsearch returned 0 of documents on port 8183
