2022-12-22 12:25:38 [background-preinit] INFO  o.h.validator.internal.util.Version - HV000001: Hibernate Validator 6.1.5.Final
2022-12-22 12:25:39 [main] INFO  c.m.demo.config.server.ConfigServer - No active profile set, falling back to default profiles: default
2022-12-22 12:25:40 [main] INFO  o.s.cloud.context.scope.GenericScope - BeanFactory id=2a519873-3bf9-3410-9240-bed5bf7485b8
2022-12-22 12:25:40 [main] INFO  o.s.b.w.e.tomcat.TomcatWebServer - Tomcat initialized with port(s): 8888 (http)
2022-12-22 12:25:40 [main] INFO  o.a.coyote.http11.Http11NioProtocol - Initializing ProtocolHandler ["http-nio-8888"]
2022-12-22 12:25:40 [main] INFO  o.a.catalina.core.StandardService - Starting service [Tomcat]
2022-12-22 12:25:40 [main] INFO  o.a.catalina.core.StandardEngine - Starting Servlet engine: [Apache Tomcat/9.0.38]
2022-12-22 12:25:40 [main] INFO  o.a.c.c.C.[Tomcat].[localhost].[/] - Initializing Spring embedded WebApplicationContext
2022-12-22 12:25:40 [main] INFO  o.s.b.w.s.c.ServletWebServerApplicationContext - Root WebApplicationContext: initialization completed in 1378 ms
2022-12-22 12:25:41 [main] INFO  o.s.s.c.ThreadPoolTaskExecutor - Initializing ExecutorService 'applicationTaskExecutor'
2022-12-22 12:25:43 [main] INFO  o.s.s.web.DefaultSecurityFilterChain - Creating filter chain: Ant [pattern='/actuator/**'], []
2022-12-22 12:25:43 [main] INFO  o.s.s.web.DefaultSecurityFilterChain - Creating filter chain: Ant [pattern='/encrypt/**'], []
2022-12-22 12:25:43 [main] INFO  o.s.s.web.DefaultSecurityFilterChain - Creating filter chain: Ant [pattern='/decrypt/**'], []
2022-12-22 12:25:43 [main] INFO  o.s.s.web.DefaultSecurityFilterChain - Creating filter chain: any request, [org.springframework.security.web.context.request.async.WebAsyncManagerIntegrationFilter@32328dc4, org.springframework.security.web.context.SecurityContextPersistenceFilter@3129299f, org.springframework.security.web.header.HeaderWriterFilter@43445fc6, org.springframework.security.web.csrf.CsrfFilter@1be3f8f8, org.springframework.security.web.authentication.logout.LogoutFilter@3cead673, org.springframework.security.web.authentication.UsernamePasswordAuthenticationFilter@22c29aa8, org.springframework.security.web.authentication.ui.DefaultLoginPageGeneratingFilter@4c2bea52, org.springframework.security.web.authentication.ui.DefaultLogoutPageGeneratingFilter@17df689e, org.springframework.security.web.authentication.www.BasicAuthenticationFilter@5d58dc61, org.springframework.security.web.savedrequest.RequestCacheAwareFilter@4fdac2a7, org.springframework.security.web.servletapi.SecurityContextHolderAwareRequestFilter@64665781, org.springframework.security.web.authentication.AnonymousAuthenticationFilter@21540255, org.springframework.security.web.session.SessionManagementFilter@17befef0, org.springframework.security.web.access.ExceptionTranslationFilter@4fd37449, org.springframework.security.web.access.intercept.FilterSecurityInterceptor@42b43a6]
2022-12-22 12:25:43 [main] INFO  o.s.b.a.e.web.EndpointLinksResolver - Exposing 2 endpoint(s) beneath base path '/actuator'
2022-12-22 12:25:43 [main] INFO  o.a.coyote.http11.Http11NioProtocol - Starting ProtocolHandler ["http-nio-8888"]
2022-12-22 12:25:43 [main] INFO  o.s.b.w.e.tomcat.TomcatWebServer - Tomcat started on port(s): 8888 (http) with context path ''
2022-12-22 12:25:43 [main] INFO  c.m.demo.config.server.ConfigServer - Started ConfigServer in 5.953 seconds (JVM running for 6.664)
2022-12-22 12:26:20 [http-nio-8888-exec-1] INFO  o.a.c.c.C.[Tomcat].[localhost].[/] - Initializing Spring DispatcherServlet 'dispatcherServlet'
2022-12-22 12:26:20 [http-nio-8888-exec-1] INFO  o.s.web.servlet.DispatcherServlet - Initializing Servlet 'dispatcherServlet'
2022-12-22 12:26:20 [http-nio-8888-exec-1] INFO  o.s.web.servlet.DispatcherServlet - Completed initialization in 4 ms
2022-12-22 12:26:21 [http-nio-8888-exec-1] INFO  o.s.c.c.s.e.NativeEnvironmentRepository - Adding property source: file:/C:/Users/Sindroma/AppData/Local/Temp/config-repo-15899583055169592666/config-client-elastic_query.yml
2022-12-22 12:26:21 [http-nio-8888-exec-1] INFO  o.s.c.c.s.e.NativeEnvironmentRepository - Adding property source: file:/C:/Users/Sindroma/AppData/Local/Temp/config-repo-15899583055169592666/config-client.yml
2022-12-22 12:26:38 [http-nio-8888-exec-2] INFO  o.s.c.c.s.e.NativeEnvironmentRepository - Adding property source: file:/C:/Users/Sindroma/AppData/Local/Temp/config-repo-15899583055169592666/config-client-elastic_query_web.yml
2022-12-22 12:26:38 [http-nio-8888-exec-2] INFO  o.s.c.c.s.e.NativeEnvironmentRepository - Adding property source: file:/C:/Users/Sindroma/AppData/Local/Temp/config-repo-15899583055169592666/config-client.yml
2022-12-22 12:27:57 [http-nio-8888-exec-5] INFO  o.s.c.c.s.e.NativeEnvironmentRepository - Adding property source: file:/C:/Users/Sindroma/AppData/Local/Temp/config-repo-15899583055169592666/config-client.yml
2022-12-22 12:29:25 [http-nio-8888-exec-7] INFO  o.s.c.c.s.e.NativeEnvironmentRepository - Adding property source: file:/C:/Users/Sindroma/AppData/Local/Temp/config-repo-15899583055169592666/config-client.yml
2022-12-22 12:31:13 [http-nio-8888-exec-9] INFO  o.s.c.c.s.e.NativeEnvironmentRepository - Adding property source: file:/C:/Users/Sindroma/AppData/Local/Temp/config-repo-15899583055169592666/config-client.yml
2022-12-22 12:34:23 [http-nio-8888-exec-1] INFO  o.s.c.c.s.e.NativeEnvironmentRepository - Adding property source: file:/C:/Users/Sindroma/AppData/Local/Temp/config-repo-15899583055169592666/config-client-elastic_query_web_2.yml
2022-12-22 12:34:23 [http-nio-8888-exec-1] INFO  o.s.c.c.s.e.NativeEnvironmentRepository - Adding property source: file:/C:/Users/Sindroma/AppData/Local/Temp/config-repo-15899583055169592666/config-client.yml
