2022-12-18 09:46:56 [background-preinit] INFO  o.h.validator.internal.util.Version - HV000001: Hibernate Validator 6.1.5.Final
2022-12-18 09:46:57 [main] INFO  c.m.demo.config.server.ConfigServer - No active profile set, falling back to default profiles: default
2022-12-18 09:46:57 [main] INFO  o.s.cloud.context.scope.GenericScope - BeanFactory id=9f2b0f5b-a5d0-3e50-ac08-c75b27d86a88
2022-12-18 09:46:57 [main] INFO  o.s.b.w.e.tomcat.TomcatWebServer - Tomcat initialized with port(s): 8888 (http)
2022-12-18 09:46:57 [main] INFO  o.a.coyote.http11.Http11NioProtocol - Initializing ProtocolHandler ["http-nio-8888"]
2022-12-18 09:46:57 [main] INFO  o.a.catalina.core.StandardService - Starting service [Tomcat]
2022-12-18 09:46:57 [main] INFO  o.a.catalina.core.StandardEngine - Starting Servlet engine: [Apache Tomcat/9.0.38]
2022-12-18 09:46:57 [main] INFO  o.a.c.c.C.[Tomcat].[localhost].[/] - Initializing Spring embedded WebApplicationContext
2022-12-18 09:46:57 [main] INFO  o.s.b.w.s.c.ServletWebServerApplicationContext - Root WebApplicationContext: initialization completed in 855 ms
2022-12-18 09:46:58 [main] INFO  o.s.s.c.ThreadPoolTaskExecutor - Initializing ExecutorService 'applicationTaskExecutor'
2022-12-18 09:47:00 [main] INFO  o.s.s.web.DefaultSecurityFilterChain - Creating filter chain: Ant [pattern='/actuator/**'], []
2022-12-18 09:47:00 [main] INFO  o.s.s.web.DefaultSecurityFilterChain - Creating filter chain: Ant [pattern='/encrypt/**'], []
2022-12-18 09:47:00 [main] INFO  o.s.s.web.DefaultSecurityFilterChain - Creating filter chain: Ant [pattern='/decrypt/**'], []
2022-12-18 09:47:00 [main] INFO  o.s.s.web.DefaultSecurityFilterChain - Creating filter chain: any request, [org.springframework.security.web.context.request.async.WebAsyncManagerIntegrationFilter@163df259, org.springframework.security.web.context.SecurityContextPersistenceFilter@395eb363, org.springframework.security.web.header.HeaderWriterFilter@11309dd4, org.springframework.security.web.csrf.CsrfFilter@ace2408, org.springframework.security.web.authentication.logout.LogoutFilter@686e7513, org.springframework.security.web.authentication.UsernamePasswordAuthenticationFilter@30a62a5b, org.springframework.security.web.authentication.ui.DefaultLoginPageGeneratingFilter@23708f14, org.springframework.security.web.authentication.ui.DefaultLogoutPageGeneratingFilter@405603b6, org.springframework.security.web.authentication.www.BasicAuthenticationFilter@7fd2a67a, org.springframework.security.web.savedrequest.RequestCacheAwareFilter@160546b1, org.springframework.security.web.servletapi.SecurityContextHolderAwareRequestFilter@68f9e807, org.springframework.security.web.authentication.AnonymousAuthenticationFilter@3c3cd13a, org.springframework.security.web.session.SessionManagementFilter@2bd4780c, org.springframework.security.web.access.ExceptionTranslationFilter@5bf7f15f, org.springframework.security.web.access.intercept.FilterSecurityInterceptor@3a8640f7]
2022-12-18 09:47:00 [main] INFO  o.s.b.a.e.web.EndpointLinksResolver - Exposing 2 endpoint(s) beneath base path '/actuator'
2022-12-18 09:47:00 [main] INFO  o.a.coyote.http11.Http11NioProtocol - Starting ProtocolHandler ["http-nio-8888"]
2022-12-18 09:47:00 [main] INFO  o.s.b.w.e.tomcat.TomcatWebServer - Tomcat started on port(s): 8888 (http) with context path ''
2022-12-18 09:47:00 [main] INFO  c.m.demo.config.server.ConfigServer - Started ConfigServer in 4.443 seconds (JVM running for 6.226)
2022-12-18 09:47:00 [RMI TCP Connection(3)-192.168.56.1] INFO  o.a.c.c.C.[Tomcat].[localhost].[/] - Initializing Spring DispatcherServlet 'dispatcherServlet'
2022-12-18 09:47:00 [RMI TCP Connection(3)-192.168.56.1] INFO  o.s.web.servlet.DispatcherServlet - Initializing Servlet 'dispatcherServlet'
2022-12-18 09:47:00 [RMI TCP Connection(3)-192.168.56.1] INFO  o.s.web.servlet.DispatcherServlet - Completed initialization in 5 ms
2022-12-18 09:52:44 [http-nio-8888-exec-1] INFO  o.s.c.c.s.e.NativeEnvironmentRepository - Adding property source: file:/C:/Users/Sindroma/AppData/Local/Temp/config-repo-538944038880697603/config-client-elastic_query.yml
2022-12-18 09:52:44 [http-nio-8888-exec-1] INFO  o.s.c.c.s.e.NativeEnvironmentRepository - Adding property source: file:/C:/Users/Sindroma/AppData/Local/Temp/config-repo-538944038880697603/config-client.yml
2022-12-18 09:58:22 [Thread-3] WARN  o.s.c.c.s.e.MultipleJGitEnvironmentRepository - Failed to delete temporary directory on exit: java.nio.file.AccessDeniedException: C:\Users\Sindroma\AppData\Local\Temp\config-repo-538944038880697603\.git\objects\pack\pack-611b40509bbc99551cebf4e95d23133114e81a9c.idx
2022-12-18 09:58:22 [SpringContextShutdownHook] INFO  o.s.s.c.ThreadPoolTaskExecutor - Shutting down ExecutorService 'applicationTaskExecutor'
2022-12-18 10:43:22 [background-preinit] INFO  o.h.validator.internal.util.Version - HV000001: Hibernate Validator 6.1.5.Final
2022-12-18 10:43:23 [main] INFO  c.m.demo.config.server.ConfigServer - No active profile set, falling back to default profiles: default
2022-12-18 10:43:24 [main] INFO  o.s.cloud.context.scope.GenericScope - BeanFactory id=9f2b0f5b-a5d0-3e50-ac08-c75b27d86a88
2022-12-18 10:43:24 [main] INFO  o.s.b.w.e.tomcat.TomcatWebServer - Tomcat initialized with port(s): 8888 (http)
2022-12-18 10:43:24 [main] INFO  o.a.coyote.http11.Http11NioProtocol - Initializing ProtocolHandler ["http-nio-8888"]
2022-12-18 10:43:24 [main] INFO  o.a.catalina.core.StandardService - Starting service [Tomcat]
2022-12-18 10:43:24 [main] INFO  o.a.catalina.core.StandardEngine - Starting Servlet engine: [Apache Tomcat/9.0.38]
2022-12-18 10:43:25 [main] INFO  o.a.c.c.C.[Tomcat].[localhost].[/] - Initializing Spring embedded WebApplicationContext
2022-12-18 10:43:25 [main] INFO  o.s.b.w.s.c.ServletWebServerApplicationContext - Root WebApplicationContext: initialization completed in 1768 ms
2022-12-18 10:43:25 [main] INFO  o.s.s.c.ThreadPoolTaskExecutor - Initializing ExecutorService 'applicationTaskExecutor'
2022-12-18 10:43:28 [main] INFO  o.s.s.web.DefaultSecurityFilterChain - Creating filter chain: Ant [pattern='/actuator/**'], []
2022-12-18 10:43:28 [main] INFO  o.s.s.web.DefaultSecurityFilterChain - Creating filter chain: Ant [pattern='/encrypt/**'], []
2022-12-18 10:43:28 [main] INFO  o.s.s.web.DefaultSecurityFilterChain - Creating filter chain: Ant [pattern='/decrypt/**'], []
2022-12-18 10:43:28 [main] INFO  o.s.s.web.DefaultSecurityFilterChain - Creating filter chain: any request, [org.springframework.security.web.context.request.async.WebAsyncManagerIntegrationFilter@6e0d058a, org.springframework.security.web.context.SecurityContextPersistenceFilter@42ffbab6, org.springframework.security.web.header.HeaderWriterFilter@43294e9b, org.springframework.security.web.csrf.CsrfFilter@47eae91d, org.springframework.security.web.authentication.logout.LogoutFilter@3df04fa1, org.springframework.security.web.authentication.UsernamePasswordAuthenticationFilter@29bd2796, org.springframework.security.web.authentication.ui.DefaultLoginPageGeneratingFilter@4583b617, org.springframework.security.web.authentication.ui.DefaultLogoutPageGeneratingFilter@3eb0fd88, org.springframework.security.web.authentication.www.BasicAuthenticationFilter@6ab50d1c, org.springframework.security.web.savedrequest.RequestCacheAwareFilter@69bca406, org.springframework.security.web.servletapi.SecurityContextHolderAwareRequestFilter@32e7b78d, org.springframework.security.web.authentication.AnonymousAuthenticationFilter@adc3344, org.springframework.security.web.session.SessionManagementFilter@5a78b52b, org.springframework.security.web.access.ExceptionTranslationFilter@6143b2b1, org.springframework.security.web.access.intercept.FilterSecurityInterceptor@7d3bcd3]
2022-12-18 10:43:28 [main] INFO  o.s.b.a.e.web.EndpointLinksResolver - Exposing 2 endpoint(s) beneath base path '/actuator'
2022-12-18 10:43:28 [main] INFO  o.a.coyote.http11.Http11NioProtocol - Starting ProtocolHandler ["http-nio-8888"]
2022-12-18 10:43:28 [main] INFO  o.s.b.w.e.tomcat.TomcatWebServer - Tomcat started on port(s): 8888 (http) with context path ''
2022-12-18 10:43:28 [main] INFO  c.m.demo.config.server.ConfigServer - Started ConfigServer in 6.613 seconds (JVM running for 7.753)
2022-12-18 10:43:28 [RMI TCP Connection(2)-192.168.56.1] INFO  o.a.c.c.C.[Tomcat].[localhost].[/] - Initializing Spring DispatcherServlet 'dispatcherServlet'
2022-12-18 10:43:28 [RMI TCP Connection(2)-192.168.56.1] INFO  o.s.web.servlet.DispatcherServlet - Initializing Servlet 'dispatcherServlet'
2022-12-18 10:43:28 [RMI TCP Connection(2)-192.168.56.1] INFO  o.s.web.servlet.DispatcherServlet - Completed initialization in 4 ms
2022-12-18 10:43:42 [http-nio-8888-exec-1] INFO  o.s.c.c.s.e.NativeEnvironmentRepository - Adding property source: file:/C:/Users/Sindroma/AppData/Local/Temp/config-repo-5572451419069001139/config-client-elastic_query.yml
2022-12-18 10:43:42 [http-nio-8888-exec-1] INFO  o.s.c.c.s.e.NativeEnvironmentRepository - Adding property source: file:/C:/Users/Sindroma/AppData/Local/Temp/config-repo-5572451419069001139/config-client.yml
2022-12-18 10:46:38 [http-nio-8888-exec-3] INFO  o.s.c.c.s.e.NativeEnvironmentRepository - Adding property source: file:/C:/Users/Sindroma/AppData/Local/Temp/config-repo-5572451419069001139/config-client-elastic_query.yml
2022-12-18 10:46:38 [http-nio-8888-exec-3] INFO  o.s.c.c.s.e.NativeEnvironmentRepository - Adding property source: file:/C:/Users/Sindroma/AppData/Local/Temp/config-repo-5572451419069001139/config-client.yml
2022-12-18 10:59:38 [Thread-3] WARN  o.s.c.c.s.e.MultipleJGitEnvironmentRepository - Failed to delete temporary directory on exit: java.nio.file.AccessDeniedException: C:\Users\Sindroma\AppData\Local\Temp\config-repo-5572451419069001139\.git\objects\pack\pack-611b40509bbc99551cebf4e95d23133114e81a9c.idx
2022-12-18 10:59:38 [SpringContextShutdownHook] INFO  o.s.s.c.ThreadPoolTaskExecutor - Shutting down ExecutorService 'applicationTaskExecutor'
2022-12-18 11:05:15 [background-preinit] INFO  o.h.validator.internal.util.Version - HV000001: Hibernate Validator 6.1.5.Final
2022-12-18 11:05:15 [main] INFO  c.m.demo.config.server.ConfigServer - No active profile set, falling back to default profiles: default
2022-12-18 11:05:16 [main] INFO  o.s.cloud.context.scope.GenericScope - BeanFactory id=9f2b0f5b-a5d0-3e50-ac08-c75b27d86a88
2022-12-18 11:05:16 [main] INFO  o.s.b.w.e.tomcat.TomcatWebServer - Tomcat initialized with port(s): 8888 (http)
2022-12-18 11:05:16 [main] INFO  o.a.coyote.http11.Http11NioProtocol - Initializing ProtocolHandler ["http-nio-8888"]
2022-12-18 11:05:16 [main] INFO  o.a.catalina.core.StandardService - Starting service [Tomcat]
2022-12-18 11:05:16 [main] INFO  o.a.catalina.core.StandardEngine - Starting Servlet engine: [Apache Tomcat/9.0.38]
2022-12-18 11:05:16 [main] INFO  o.a.c.c.C.[Tomcat].[localhost].[/] - Initializing Spring embedded WebApplicationContext
2022-12-18 11:05:16 [main] INFO  o.s.b.w.s.c.ServletWebServerApplicationContext - Root WebApplicationContext: initialization completed in 760 ms
2022-12-18 11:05:16 [main] INFO  o.s.s.c.ThreadPoolTaskExecutor - Initializing ExecutorService 'applicationTaskExecutor'
2022-12-18 11:05:18 [main] INFO  o.s.s.web.DefaultSecurityFilterChain - Creating filter chain: Ant [pattern='/actuator/**'], []
2022-12-18 11:05:18 [main] INFO  o.s.s.web.DefaultSecurityFilterChain - Creating filter chain: Ant [pattern='/encrypt/**'], []
2022-12-18 11:05:18 [main] INFO  o.s.s.web.DefaultSecurityFilterChain - Creating filter chain: Ant [pattern='/decrypt/**'], []
2022-12-18 11:05:18 [main] INFO  o.s.s.web.DefaultSecurityFilterChain - Creating filter chain: any request, [org.springframework.security.web.context.request.async.WebAsyncManagerIntegrationFilter@611a2d82, org.springframework.security.web.context.SecurityContextPersistenceFilter@6cbbfe29, org.springframework.security.web.header.HeaderWriterFilter@653e7b, org.springframework.security.web.csrf.CsrfFilter@4654e373, org.springframework.security.web.authentication.logout.LogoutFilter@5cb8580, org.springframework.security.web.authentication.UsernamePasswordAuthenticationFilter@1b465fa9, org.springframework.security.web.authentication.ui.DefaultLoginPageGeneratingFilter@178dc733, org.springframework.security.web.authentication.ui.DefaultLogoutPageGeneratingFilter@6774f264, org.springframework.security.web.authentication.www.BasicAuthenticationFilter@34695b23, org.springframework.security.web.savedrequest.RequestCacheAwareFilter@3df04fa1, org.springframework.security.web.servletapi.SecurityContextHolderAwareRequestFilter@31fe0ce5, org.springframework.security.web.authentication.AnonymousAuthenticationFilter@2299f6d7, org.springframework.security.web.session.SessionManagementFilter@48aa0813, org.springframework.security.web.access.ExceptionTranslationFilter@78fb72cb, org.springframework.security.web.access.intercept.FilterSecurityInterceptor@2b41b8bb]
2022-12-18 11:05:18 [main] INFO  o.s.b.a.e.web.EndpointLinksResolver - Exposing 2 endpoint(s) beneath base path '/actuator'
2022-12-18 11:05:19 [main] INFO  o.a.coyote.http11.Http11NioProtocol - Starting ProtocolHandler ["http-nio-8888"]
2022-12-18 11:05:19 [main] INFO  o.s.b.w.e.tomcat.TomcatWebServer - Tomcat started on port(s): 8888 (http) with context path ''
2022-12-18 11:05:19 [main] INFO  c.m.demo.config.server.ConfigServer - Started ConfigServer in 4.147 seconds (JVM running for 4.705)
2022-12-18 11:05:19 [RMI TCP Connection(2)-192.168.56.1] INFO  o.a.c.c.C.[Tomcat].[localhost].[/] - Initializing Spring DispatcherServlet 'dispatcherServlet'
2022-12-18 11:05:19 [RMI TCP Connection(2)-192.168.56.1] INFO  o.s.web.servlet.DispatcherServlet - Initializing Servlet 'dispatcherServlet'
2022-12-18 11:05:19 [RMI TCP Connection(2)-192.168.56.1] INFO  o.s.web.servlet.DispatcherServlet - Completed initialization in 4 ms
2022-12-18 11:05:27 [http-nio-8888-exec-1] INFO  o.s.c.c.s.e.NativeEnvironmentRepository - Adding property source: file:/C:/Users/Sindroma/AppData/Local/Temp/config-repo-425221012505972180/config-client-elastic_query.yml
2022-12-18 11:05:27 [http-nio-8888-exec-1] INFO  o.s.c.c.s.e.NativeEnvironmentRepository - Adding property source: file:/C:/Users/Sindroma/AppData/Local/Temp/config-repo-425221012505972180/config-client.yml
2022-12-18 11:06:34 [Thread-3] WARN  o.s.c.c.s.e.MultipleJGitEnvironmentRepository - Failed to delete temporary directory on exit: java.nio.file.AccessDeniedException: C:\Users\Sindroma\AppData\Local\Temp\config-repo-425221012505972180\.git\objects\pack\pack-611b40509bbc99551cebf4e95d23133114e81a9c.idx
2022-12-18 11:06:34 [SpringContextShutdownHook] INFO  o.s.s.c.ThreadPoolTaskExecutor - Shutting down ExecutorService 'applicationTaskExecutor'
