2022-12-20 12:55:59 [background-preinit] INFO  o.h.validator.internal.util.Version - HV000001: Hibernate Validator 6.1.5.Final
2022-12-20 12:56:00 [main] INFO  c.m.demo.config.server.ConfigServer - No active profile set, falling back to default profiles: default
2022-12-20 12:56:00 [main] INFO  o.s.cloud.context.scope.GenericScope - BeanFactory id=9f2b0f5b-a5d0-3e50-ac08-c75b27d86a88
2022-12-20 12:56:01 [main] INFO  o.s.b.w.e.tomcat.TomcatWebServer - Tomcat initialized with port(s): 8888 (http)
2022-12-20 12:56:01 [main] INFO  o.a.coyote.http11.Http11NioProtocol - Initializing ProtocolHandler ["http-nio-8888"]
2022-12-20 12:56:01 [main] INFO  o.a.catalina.core.StandardService - Starting service [Tomcat]
2022-12-20 12:56:01 [main] INFO  o.a.catalina.core.StandardEngine - Starting Servlet engine: [Apache Tomcat/9.0.38]
2022-12-20 12:56:01 [main] INFO  o.a.c.c.C.[Tomcat].[localhost].[/] - Initializing Spring embedded WebApplicationContext
2022-12-20 12:56:01 [main] INFO  o.s.b.w.s.c.ServletWebServerApplicationContext - Root WebApplicationContext: initialization completed in 881 ms
2022-12-20 12:56:01 [main] INFO  o.s.s.c.ThreadPoolTaskExecutor - Initializing ExecutorService 'applicationTaskExecutor'
2022-12-20 12:56:04 [main] INFO  o.s.s.web.DefaultSecurityFilterChain - Creating filter chain: Ant [pattern='/actuator/**'], []
2022-12-20 12:56:04 [main] INFO  o.s.s.web.DefaultSecurityFilterChain - Creating filter chain: Ant [pattern='/encrypt/**'], []
2022-12-20 12:56:04 [main] INFO  o.s.s.web.DefaultSecurityFilterChain - Creating filter chain: Ant [pattern='/decrypt/**'], []
2022-12-20 12:56:04 [main] INFO  o.s.s.web.DefaultSecurityFilterChain - Creating filter chain: any request, [org.springframework.security.web.context.request.async.WebAsyncManagerIntegrationFilter@2c3679e5, org.springframework.security.web.context.SecurityContextPersistenceFilter@5be69f7e, org.springframework.security.web.header.HeaderWriterFilter@25823192, org.springframework.security.web.csrf.CsrfFilter@3c97f5e9, org.springframework.security.web.authentication.logout.LogoutFilter@7fd2a67a, org.springframework.security.web.authentication.UsernamePasswordAuthenticationFilter@fa11fda, org.springframework.security.web.authentication.ui.DefaultLoginPageGeneratingFilter@1aa59698, org.springframework.security.web.authentication.ui.DefaultLogoutPageGeneratingFilter@41f40dfa, org.springframework.security.web.authentication.www.BasicAuthenticationFilter@6c9151c1, org.springframework.security.web.savedrequest.RequestCacheAwareFilter@16d61071, org.springframework.security.web.servletapi.SecurityContextHolderAwareRequestFilter@539ee811, org.springframework.security.web.authentication.AnonymousAuthenticationFilter@2548fc01, org.springframework.security.web.session.SessionManagementFilter@5c25daad, org.springframework.security.web.access.ExceptionTranslationFilter@45849604, org.springframework.security.web.access.intercept.FilterSecurityInterceptor@1b465fa9]
2022-12-20 12:56:05 [main] INFO  o.s.b.a.e.web.EndpointLinksResolver - Exposing 2 endpoint(s) beneath base path '/actuator'
2022-12-20 12:56:05 [main] INFO  o.a.coyote.http11.Http11NioProtocol - Starting ProtocolHandler ["http-nio-8888"]
2022-12-20 12:56:05 [main] INFO  o.s.b.w.e.tomcat.TomcatWebServer - Tomcat started on port(s): 8888 (http) with context path ''
2022-12-20 12:56:05 [main] INFO  c.m.demo.config.server.ConfigServer - Started ConfigServer in 5.844 seconds (JVM running for 7.466)
2022-12-20 12:57:00 [http-nio-8888-exec-1] INFO  o.a.c.c.C.[Tomcat].[localhost].[/] - Initializing Spring DispatcherServlet 'dispatcherServlet'
2022-12-20 12:57:00 [http-nio-8888-exec-1] INFO  o.s.web.servlet.DispatcherServlet - Initializing Servlet 'dispatcherServlet'
2022-12-20 12:57:00 [http-nio-8888-exec-1] INFO  o.s.web.servlet.DispatcherServlet - Completed initialization in 3 ms
2022-12-20 12:57:01 [http-nio-8888-exec-1] INFO  o.s.c.c.s.e.NativeEnvironmentRepository - Adding property source: file:/C:/Users/Sindroma/AppData/Local/Temp/config-repo-9673205140542643896/config-client.yml
2022-12-20 13:06:55 [http-nio-8888-exec-4] INFO  o.s.c.c.s.e.NativeEnvironmentRepository - Adding property source: file:/C:/Users/Sindroma/AppData/Local/Temp/config-repo-9673205140542643896/config-client.yml
2022-12-20 13:07:32 [http-nio-8888-exec-5] INFO  o.s.c.c.s.e.NativeEnvironmentRepository - Adding property source: file:/C:/Users/Sindroma/AppData/Local/Temp/config-repo-9673205140542643896/config-client.yml
2022-12-20 13:09:19 [Thread-3] WARN  o.s.c.c.s.e.MultipleJGitEnvironmentRepository - Failed to delete temporary directory on exit: java.nio.file.AccessDeniedException: C:\Users\Sindroma\AppData\Local\Temp\config-repo-9673205140542643896\.git\objects\pack\pack-3a08c90e2f71842e1a739b76feda53b4eb2cf74f.idx
2022-12-20 13:09:19 [SpringContextShutdownHook] INFO  o.s.s.c.ThreadPoolTaskExecutor - Shutting down ExecutorService 'applicationTaskExecutor'
2022-12-20 13:09:21 [background-preinit] INFO  o.h.validator.internal.util.Version - HV000001: Hibernate Validator 6.1.5.Final
2022-12-20 13:09:22 [main] INFO  c.m.demo.config.server.ConfigServer - No active profile set, falling back to default profiles: default
2022-12-20 13:09:22 [main] INFO  o.s.cloud.context.scope.GenericScope - BeanFactory id=9f2b0f5b-a5d0-3e50-ac08-c75b27d86a88
2022-12-20 13:09:22 [main] INFO  o.s.b.w.e.tomcat.TomcatWebServer - Tomcat initialized with port(s): 8888 (http)
2022-12-20 13:09:22 [main] INFO  o.a.coyote.http11.Http11NioProtocol - Initializing ProtocolHandler ["http-nio-8888"]
2022-12-20 13:09:22 [main] INFO  o.a.catalina.core.StandardService - Starting service [Tomcat]
2022-12-20 13:09:22 [main] INFO  o.a.catalina.core.StandardEngine - Starting Servlet engine: [Apache Tomcat/9.0.38]
2022-12-20 13:09:22 [main] INFO  o.a.c.c.C.[Tomcat].[localhost].[/] - Initializing Spring embedded WebApplicationContext
2022-12-20 13:09:22 [main] INFO  o.s.b.w.s.c.ServletWebServerApplicationContext - Root WebApplicationContext: initialization completed in 698 ms
2022-12-20 13:09:22 [main] INFO  o.s.s.c.ThreadPoolTaskExecutor - Initializing ExecutorService 'applicationTaskExecutor'
2022-12-20 13:09:24 [main] INFO  o.s.s.web.DefaultSecurityFilterChain - Creating filter chain: Ant [pattern='/actuator/**'], []
2022-12-20 13:09:24 [main] INFO  o.s.s.web.DefaultSecurityFilterChain - Creating filter chain: Ant [pattern='/encrypt/**'], []
2022-12-20 13:09:24 [main] INFO  o.s.s.web.DefaultSecurityFilterChain - Creating filter chain: Ant [pattern='/decrypt/**'], []
2022-12-20 13:09:24 [main] INFO  o.s.s.web.DefaultSecurityFilterChain - Creating filter chain: any request, [org.springframework.security.web.context.request.async.WebAsyncManagerIntegrationFilter@6774f264, org.springframework.security.web.context.SecurityContextPersistenceFilter@25823192, org.springframework.security.web.header.HeaderWriterFilter@6b64429e, org.springframework.security.web.csrf.CsrfFilter@2474df51, org.springframework.security.web.authentication.logout.LogoutFilter@2ca1e49a, org.springframework.security.web.authentication.UsernamePasswordAuthenticationFilter@28b2e4d8, org.springframework.security.web.authentication.ui.DefaultLoginPageGeneratingFilter@4641f66c, org.springframework.security.web.authentication.ui.DefaultLogoutPageGeneratingFilter@2299f6d7, org.springframework.security.web.authentication.www.BasicAuthenticationFilter@611a2d82, org.springframework.security.web.savedrequest.RequestCacheAwareFilter@5c25daad, org.springframework.security.web.servletapi.SecurityContextHolderAwareRequestFilter@178dc733, org.springframework.security.web.authentication.AnonymousAuthenticationFilter@5cd701e4, org.springframework.security.web.session.SessionManagementFilter@45849604, org.springframework.security.web.access.ExceptionTranslationFilter@398694a6, org.springframework.security.web.access.intercept.FilterSecurityInterceptor@4cadd4d4]
2022-12-20 13:09:25 [main] INFO  o.s.b.a.e.web.EndpointLinksResolver - Exposing 2 endpoint(s) beneath base path '/actuator'
2022-12-20 13:09:25 [main] INFO  o.a.coyote.http11.Http11NioProtocol - Starting ProtocolHandler ["http-nio-8888"]
2022-12-20 13:09:25 [main] INFO  o.s.b.w.e.tomcat.TomcatWebServer - Tomcat started on port(s): 8888 (http) with context path ''
2022-12-20 13:09:25 [main] INFO  c.m.demo.config.server.ConfigServer - Started ConfigServer in 3.97 seconds (JVM running for 4.478)
2022-12-20 13:09:25 [RMI TCP Connection(2)-172.21.16.1] INFO  o.a.c.c.C.[Tomcat].[localhost].[/] - Initializing Spring DispatcherServlet 'dispatcherServlet'
2022-12-20 13:09:25 [RMI TCP Connection(2)-172.21.16.1] INFO  o.s.web.servlet.DispatcherServlet - Initializing Servlet 'dispatcherServlet'
2022-12-20 13:09:25 [RMI TCP Connection(2)-172.21.16.1] INFO  o.s.web.servlet.DispatcherServlet - Completed initialization in 5 ms
2022-12-20 13:09:42 [http-nio-8888-exec-1] INFO  o.s.c.c.s.e.NativeEnvironmentRepository - Adding property source: file:/C:/Users/Sindroma/AppData/Local/Temp/config-repo-9502156463988469834/config-client-elastic_query_web.yml
2022-12-20 13:09:42 [http-nio-8888-exec-1] INFO  o.s.c.c.s.e.NativeEnvironmentRepository - Adding property source: file:/C:/Users/Sindroma/AppData/Local/Temp/config-repo-9502156463988469834/config-client.yml
2022-12-20 13:12:50 [Thread-3] WARN  o.s.c.c.s.e.MultipleJGitEnvironmentRepository - Failed to delete temporary directory on exit: java.nio.file.AccessDeniedException: C:\Users\Sindroma\AppData\Local\Temp\config-repo-9502156463988469834\.git\objects\pack\pack-36ba227de086db377182062c6e000d7da84a1173.idx
2022-12-20 13:12:50 [SpringContextShutdownHook] INFO  o.s.s.c.ThreadPoolTaskExecutor - Shutting down ExecutorService 'applicationTaskExecutor'
2022-12-20 13:13:31 [background-preinit] INFO  o.h.validator.internal.util.Version - HV000001: Hibernate Validator 6.1.5.Final
2022-12-20 13:13:32 [main] INFO  c.m.demo.config.server.ConfigServer - No active profile set, falling back to default profiles: default
2022-12-20 13:13:32 [main] INFO  o.s.cloud.context.scope.GenericScope - BeanFactory id=9f2b0f5b-a5d0-3e50-ac08-c75b27d86a88
2022-12-20 13:13:32 [main] INFO  o.s.b.w.e.tomcat.TomcatWebServer - Tomcat initialized with port(s): 8888 (http)
2022-12-20 13:13:32 [main] INFO  o.a.coyote.http11.Http11NioProtocol - Initializing ProtocolHandler ["http-nio-8888"]
2022-12-20 13:13:32 [main] INFO  o.a.catalina.core.StandardService - Starting service [Tomcat]
2022-12-20 13:13:32 [main] INFO  o.a.catalina.core.StandardEngine - Starting Servlet engine: [Apache Tomcat/9.0.38]
2022-12-20 13:13:32 [main] INFO  o.a.c.c.C.[Tomcat].[localhost].[/] - Initializing Spring embedded WebApplicationContext
2022-12-20 13:13:32 [main] INFO  o.s.b.w.s.c.ServletWebServerApplicationContext - Root WebApplicationContext: initialization completed in 699 ms
2022-12-20 13:13:32 [main] INFO  o.s.s.c.ThreadPoolTaskExecutor - Initializing ExecutorService 'applicationTaskExecutor'
2022-12-20 13:13:34 [main] INFO  o.s.s.web.DefaultSecurityFilterChain - Creating filter chain: Ant [pattern='/actuator/**'], []
2022-12-20 13:13:34 [main] INFO  o.s.s.web.DefaultSecurityFilterChain - Creating filter chain: Ant [pattern='/encrypt/**'], []
2022-12-20 13:13:34 [main] INFO  o.s.s.web.DefaultSecurityFilterChain - Creating filter chain: Ant [pattern='/decrypt/**'], []
2022-12-20 13:13:34 [main] INFO  o.s.s.web.DefaultSecurityFilterChain - Creating filter chain: any request, [org.springframework.security.web.context.request.async.WebAsyncManagerIntegrationFilter@6c9151c1, org.springframework.security.web.context.SecurityContextPersistenceFilter@6fdc2db6, org.springframework.security.web.header.HeaderWriterFilter@6cbbfe29, org.springframework.security.web.csrf.CsrfFilter@3e9b3b3c, org.springframework.security.web.authentication.logout.LogoutFilter@5c740c5a, org.springframework.security.web.authentication.UsernamePasswordAuthenticationFilter@300aa927, org.springframework.security.web.authentication.ui.DefaultLoginPageGeneratingFilter@539ee811, org.springframework.security.web.authentication.ui.DefaultLogoutPageGeneratingFilter@2c3679e5, org.springframework.security.web.authentication.www.BasicAuthenticationFilter@5cd701e4, org.springframework.security.web.savedrequest.RequestCacheAwareFilter@64544ee4, org.springframework.security.web.servletapi.SecurityContextHolderAwareRequestFilter@2a531637, org.springframework.security.web.authentication.AnonymousAuthenticationFilter@41f40dfa, org.springframework.security.web.session.SessionManagementFilter@3df04fa1, org.springframework.security.web.access.ExceptionTranslationFilter@48aa0813, org.springframework.security.web.access.intercept.FilterSecurityInterceptor@396f2724]
2022-12-20 13:13:35 [main] INFO  o.s.b.a.e.web.EndpointLinksResolver - Exposing 2 endpoint(s) beneath base path '/actuator'
2022-12-20 13:13:35 [main] INFO  o.a.coyote.http11.Http11NioProtocol - Starting ProtocolHandler ["http-nio-8888"]
2022-12-20 13:13:35 [main] INFO  o.s.b.w.e.tomcat.TomcatWebServer - Tomcat started on port(s): 8888 (http) with context path ''
2022-12-20 13:13:35 [main] INFO  c.m.demo.config.server.ConfigServer - Started ConfigServer in 3.961 seconds (JVM running for 4.431)
2022-12-20 13:13:35 [RMI TCP Connection(1)-172.21.16.1] INFO  o.a.c.c.C.[Tomcat].[localhost].[/] - Initializing Spring DispatcherServlet 'dispatcherServlet'
2022-12-20 13:13:35 [RMI TCP Connection(1)-172.21.16.1] INFO  o.s.web.servlet.DispatcherServlet - Initializing Servlet 'dispatcherServlet'
2022-12-20 13:13:35 [RMI TCP Connection(1)-172.21.16.1] INFO  o.s.web.servlet.DispatcherServlet - Completed initialization in 4 ms
2022-12-20 13:13:44 [http-nio-8888-exec-1] INFO  o.s.c.c.s.e.NativeEnvironmentRepository - Adding property source: file:/C:/Users/Sindroma/AppData/Local/Temp/config-repo-2290728945063696370/config-client-elastic_query_web.yml
2022-12-20 13:13:44 [http-nio-8888-exec-1] INFO  o.s.c.c.s.e.NativeEnvironmentRepository - Adding property source: file:/C:/Users/Sindroma/AppData/Local/Temp/config-repo-2290728945063696370/config-client.yml
2022-12-20 13:14:30 [http-nio-8888-exec-3] INFO  o.s.c.c.s.e.NativeEnvironmentRepository - Adding property source: file:/C:/Users/Sindroma/AppData/Local/Temp/config-repo-2290728945063696370/config-client-elastic_query_web.yml
2022-12-20 13:14:30 [http-nio-8888-exec-3] INFO  o.s.c.c.s.e.NativeEnvironmentRepository - Adding property source: file:/C:/Users/Sindroma/AppData/Local/Temp/config-repo-2290728945063696370/config-client.yml
2022-12-20 13:17:22 [http-nio-8888-exec-5] INFO  o.s.c.c.s.e.NativeEnvironmentRepository - Adding property source: file:/C:/Users/Sindroma/AppData/Local/Temp/config-repo-2290728945063696370/config-client-elastic_query_web.yml
2022-12-20 13:17:22 [http-nio-8888-exec-5] INFO  o.s.c.c.s.e.NativeEnvironmentRepository - Adding property source: file:/C:/Users/Sindroma/AppData/Local/Temp/config-repo-2290728945063696370/config-client.yml
2022-12-20 13:19:40 [Thread-3] WARN  o.s.c.c.s.e.MultipleJGitEnvironmentRepository - Failed to delete temporary directory on exit: java.nio.file.AccessDeniedException: C:\Users\Sindroma\AppData\Local\Temp\config-repo-2290728945063696370\.git\objects\pack\pack-36ba227de086db377182062c6e000d7da84a1173.idx
2022-12-20 13:19:40 [SpringContextShutdownHook] INFO  o.s.s.c.ThreadPoolTaskExecutor - Shutting down ExecutorService 'applicationTaskExecutor'
2022-12-20 13:43:24 [background-preinit] INFO  o.h.validator.internal.util.Version - HV000001: Hibernate Validator 6.1.5.Final
2022-12-20 13:43:24 [main] INFO  c.m.demo.config.server.ConfigServer - No active profile set, falling back to default profiles: default
2022-12-20 13:43:25 [main] INFO  o.s.cloud.context.scope.GenericScope - BeanFactory id=9f2b0f5b-a5d0-3e50-ac08-c75b27d86a88
2022-12-20 13:43:25 [main] INFO  o.s.b.w.e.tomcat.TomcatWebServer - Tomcat initialized with port(s): 8888 (http)
2022-12-20 13:43:25 [main] INFO  o.a.coyote.http11.Http11NioProtocol - Initializing ProtocolHandler ["http-nio-8888"]
2022-12-20 13:43:25 [main] INFO  o.a.catalina.core.StandardService - Starting service [Tomcat]
2022-12-20 13:43:25 [main] INFO  o.a.catalina.core.StandardEngine - Starting Servlet engine: [Apache Tomcat/9.0.38]
2022-12-20 13:43:25 [main] INFO  o.a.c.c.C.[Tomcat].[localhost].[/] - Initializing Spring embedded WebApplicationContext
2022-12-20 13:43:25 [main] INFO  o.s.b.w.s.c.ServletWebServerApplicationContext - Root WebApplicationContext: initialization completed in 1009 ms
2022-12-20 13:43:25 [main] INFO  o.s.s.c.ThreadPoolTaskExecutor - Initializing ExecutorService 'applicationTaskExecutor'
2022-12-20 13:43:27 [main] INFO  o.s.s.web.DefaultSecurityFilterChain - Creating filter chain: Ant [pattern='/actuator/**'], []
2022-12-20 13:43:27 [main] INFO  o.s.s.web.DefaultSecurityFilterChain - Creating filter chain: Ant [pattern='/encrypt/**'], []
2022-12-20 13:43:27 [main] INFO  o.s.s.web.DefaultSecurityFilterChain - Creating filter chain: Ant [pattern='/decrypt/**'], []
2022-12-20 13:43:28 [main] INFO  o.s.s.web.DefaultSecurityFilterChain - Creating filter chain: any request, [org.springframework.security.web.context.request.async.WebAsyncManagerIntegrationFilter@20a946d9, org.springframework.security.web.context.SecurityContextPersistenceFilter@32e7b78d, org.springframework.security.web.header.HeaderWriterFilter@2864d34d, org.springframework.security.web.csrf.CsrfFilter@7482309c, org.springframework.security.web.authentication.logout.LogoutFilter@4641f66c, org.springframework.security.web.authentication.UsernamePasswordAuthenticationFilter@6ab50d1c, org.springframework.security.web.authentication.ui.DefaultLoginPageGeneratingFilter@78fb72cb, org.springframework.security.web.authentication.ui.DefaultLogoutPageGeneratingFilter@2b41b8bb, org.springframework.security.web.authentication.www.BasicAuthenticationFilter@5a1c7619, org.springframework.security.web.savedrequest.RequestCacheAwareFilter@22a63740, org.springframework.security.web.servletapi.SecurityContextHolderAwareRequestFilter@2419fe6f, org.springframework.security.web.authentication.AnonymousAuthenticationFilter@4cadd4d4, org.springframework.security.web.session.SessionManagementFilter@3e9b3b3c, org.springframework.security.web.access.ExceptionTranslationFilter@4654e373, org.springframework.security.web.access.intercept.FilterSecurityInterceptor@7ebc5be6]
2022-12-20 13:43:28 [main] INFO  o.s.b.a.e.web.EndpointLinksResolver - Exposing 2 endpoint(s) beneath base path '/actuator'
2022-12-20 13:43:28 [main] INFO  o.a.coyote.http11.Http11NioProtocol - Starting ProtocolHandler ["http-nio-8888"]
2022-12-20 13:43:28 [main] INFO  o.s.b.w.e.tomcat.TomcatWebServer - Tomcat started on port(s): 8888 (http) with context path ''
2022-12-20 13:43:28 [main] INFO  c.m.demo.config.server.ConfigServer - Started ConfigServer in 4.916 seconds (JVM running for 6.045)
2022-12-20 13:43:28 [RMI TCP Connection(2)-172.21.16.1] INFO  o.a.c.c.C.[Tomcat].[localhost].[/] - Initializing Spring DispatcherServlet 'dispatcherServlet'
2022-12-20 13:43:28 [RMI TCP Connection(2)-172.21.16.1] INFO  o.s.web.servlet.DispatcherServlet - Initializing Servlet 'dispatcherServlet'
2022-12-20 13:43:28 [RMI TCP Connection(2)-172.21.16.1] INFO  o.s.web.servlet.DispatcherServlet - Completed initialization in 4 ms
2022-12-20 13:43:41 [http-nio-8888-exec-1] INFO  o.s.c.c.s.e.NativeEnvironmentRepository - Adding property source: file:/C:/Users/Sindroma/AppData/Local/Temp/config-repo-7159735392470830557/config-client-elastic_query_web.yml
2022-12-20 13:43:41 [http-nio-8888-exec-1] INFO  o.s.c.c.s.e.NativeEnvironmentRepository - Adding property source: file:/C:/Users/Sindroma/AppData/Local/Temp/config-repo-7159735392470830557/config-client.yml
2022-12-20 13:44:12 [http-nio-8888-exec-3] INFO  o.s.c.c.s.e.NativeEnvironmentRepository - Adding property source: file:/C:/Users/Sindroma/AppData/Local/Temp/config-repo-7159735392470830557/config-client-elastic_query.yml
2022-12-20 13:44:12 [http-nio-8888-exec-3] INFO  o.s.c.c.s.e.NativeEnvironmentRepository - Adding property source: file:/C:/Users/Sindroma/AppData/Local/Temp/config-repo-7159735392470830557/config-client.yml
2022-12-20 13:44:25 [http-nio-8888-exec-4] INFO  o.s.c.c.s.e.NativeEnvironmentRepository - Adding property source: file:/C:/Users/Sindroma/AppData/Local/Temp/config-repo-7159735392470830557/config-client-elastic_query_web.yml
2022-12-20 13:44:25 [http-nio-8888-exec-4] INFO  o.s.c.c.s.e.NativeEnvironmentRepository - Adding property source: file:/C:/Users/Sindroma/AppData/Local/Temp/config-repo-7159735392470830557/config-client.yml
2022-12-20 13:46:52 [Thread-3] WARN  o.s.c.c.s.e.MultipleJGitEnvironmentRepository - Failed to delete temporary directory on exit: java.nio.file.AccessDeniedException: C:\Users\Sindroma\AppData\Local\Temp\config-repo-7159735392470830557\.git\objects\pack\pack-14a7bca9ae7d256c58c2d019b11db527e1e25706.idx
2022-12-20 13:46:52 [SpringContextShutdownHook] INFO  o.s.s.c.ThreadPoolTaskExecutor - Shutting down ExecutorService 'applicationTaskExecutor'
2022-12-20 13:47:34 [background-preinit] INFO  o.h.validator.internal.util.Version - HV000001: Hibernate Validator 6.1.5.Final
2022-12-20 13:47:35 [main] INFO  c.m.demo.config.server.ConfigServer - No active profile set, falling back to default profiles: default
2022-12-20 13:47:35 [main] INFO  o.s.cloud.context.scope.GenericScope - BeanFactory id=9f2b0f5b-a5d0-3e50-ac08-c75b27d86a88
2022-12-20 13:47:35 [main] INFO  o.s.b.w.e.tomcat.TomcatWebServer - Tomcat initialized with port(s): 8888 (http)
2022-12-20 13:47:35 [main] INFO  o.a.coyote.http11.Http11NioProtocol - Initializing ProtocolHandler ["http-nio-8888"]
2022-12-20 13:47:35 [main] INFO  o.a.catalina.core.StandardService - Starting service [Tomcat]
2022-12-20 13:47:35 [main] INFO  o.a.catalina.core.StandardEngine - Starting Servlet engine: [Apache Tomcat/9.0.38]
2022-12-20 13:47:35 [main] INFO  o.a.c.c.C.[Tomcat].[localhost].[/] - Initializing Spring embedded WebApplicationContext
2022-12-20 13:47:35 [main] INFO  o.s.b.w.s.c.ServletWebServerApplicationContext - Root WebApplicationContext: initialization completed in 763 ms
2022-12-20 13:47:36 [main] INFO  o.s.s.c.ThreadPoolTaskExecutor - Initializing ExecutorService 'applicationTaskExecutor'
2022-12-20 13:47:38 [main] INFO  o.s.s.web.DefaultSecurityFilterChain - Creating filter chain: Ant [pattern='/actuator/**'], []
2022-12-20 13:47:38 [main] INFO  o.s.s.web.DefaultSecurityFilterChain - Creating filter chain: Ant [pattern='/encrypt/**'], []
2022-12-20 13:47:38 [main] INFO  o.s.s.web.DefaultSecurityFilterChain - Creating filter chain: Ant [pattern='/decrypt/**'], []
2022-12-20 13:47:38 [main] INFO  o.s.s.web.DefaultSecurityFilterChain - Creating filter chain: any request, [org.springframework.security.web.context.request.async.WebAsyncManagerIntegrationFilter@7d95166a, org.springframework.security.web.context.SecurityContextPersistenceFilter@653e7b, org.springframework.security.web.header.HeaderWriterFilter@2862271a, org.springframework.security.web.csrf.CsrfFilter@42ffbab6, org.springframework.security.web.authentication.logout.LogoutFilter@41a8f0d8, org.springframework.security.web.authentication.UsernamePasswordAuthenticationFilter@4cadd4d4, org.springframework.security.web.authentication.ui.DefaultLoginPageGeneratingFilter@16d61071, org.springframework.security.web.authentication.ui.DefaultLogoutPageGeneratingFilter@18b3db6e, org.springframework.security.web.authentication.www.BasicAuthenticationFilter@24e1e90a, org.springframework.security.web.savedrequest.RequestCacheAwareFilter@48aa0813, org.springframework.security.web.servletapi.SecurityContextHolderAwareRequestFilter@64544ee4, org.springframework.security.web.authentication.AnonymousAuthenticationFilter@1feb586d, org.springframework.security.web.session.SessionManagementFilter@78fb72cb, org.springframework.security.web.access.ExceptionTranslationFilter@294ebe11, org.springframework.security.web.access.intercept.FilterSecurityInterceptor@4c28f97e]
2022-12-20 13:47:38 [main] INFO  o.s.b.a.e.web.EndpointLinksResolver - Exposing 2 endpoint(s) beneath base path '/actuator'
2022-12-20 13:47:38 [main] INFO  o.a.coyote.http11.Http11NioProtocol - Starting ProtocolHandler ["http-nio-8888"]
2022-12-20 13:47:38 [main] INFO  o.s.b.w.e.tomcat.TomcatWebServer - Tomcat started on port(s): 8888 (http) with context path ''
2022-12-20 13:47:38 [main] INFO  c.m.demo.config.server.ConfigServer - Started ConfigServer in 4.137 seconds (JVM running for 4.67)
2022-12-20 13:47:38 [RMI TCP Connection(1)-172.21.16.1] INFO  o.a.c.c.C.[Tomcat].[localhost].[/] - Initializing Spring DispatcherServlet 'dispatcherServlet'
2022-12-20 13:47:38 [RMI TCP Connection(1)-172.21.16.1] INFO  o.s.web.servlet.DispatcherServlet - Initializing Servlet 'dispatcherServlet'
2022-12-20 13:47:38 [RMI TCP Connection(1)-172.21.16.1] INFO  o.s.web.servlet.DispatcherServlet - Completed initialization in 4 ms
2022-12-20 13:47:44 [http-nio-8888-exec-1] INFO  o.s.c.c.s.e.NativeEnvironmentRepository - Adding property source: file:/C:/Users/Sindroma/AppData/Local/Temp/config-repo-3320950438049745423/config-client-elastic_query.yml
2022-12-20 13:47:44 [http-nio-8888-exec-1] INFO  o.s.c.c.s.e.NativeEnvironmentRepository - Adding property source: file:/C:/Users/Sindroma/AppData/Local/Temp/config-repo-3320950438049745423/config-client.yml
2022-12-20 13:47:53 [http-nio-8888-exec-4] INFO  o.s.c.c.s.e.NativeEnvironmentRepository - Adding property source: file:/C:/Users/Sindroma/AppData/Local/Temp/config-repo-3320950438049745423/config-client-elastic_query_web.yml
2022-12-20 13:47:53 [http-nio-8888-exec-4] INFO  o.s.c.c.s.e.NativeEnvironmentRepository - Adding property source: file:/C:/Users/Sindroma/AppData/Local/Temp/config-repo-3320950438049745423/config-client.yml
2022-12-20 13:50:24 [Thread-3] WARN  o.s.c.c.s.e.MultipleJGitEnvironmentRepository - Failed to delete temporary directory on exit: java.nio.file.AccessDeniedException: C:\Users\Sindroma\AppData\Local\Temp\config-repo-3320950438049745423\.git\objects\pack\pack-14a7bca9ae7d256c58c2d019b11db527e1e25706.idx
2022-12-20 13:50:24 [SpringContextShutdownHook] INFO  o.s.s.c.ThreadPoolTaskExecutor - Shutting down ExecutorService 'applicationTaskExecutor'
2022-12-20 21:30:25 [background-preinit] INFO  o.h.validator.internal.util.Version - HV000001: Hibernate Validator 6.1.5.Final
2022-12-20 21:30:26 [main] INFO  c.m.demo.config.server.ConfigServer - No active profile set, falling back to default profiles: default
2022-12-20 21:30:27 [main] INFO  o.s.cloud.context.scope.GenericScope - BeanFactory id=9f2b0f5b-a5d0-3e50-ac08-c75b27d86a88
2022-12-20 21:30:27 [main] INFO  o.s.b.w.e.tomcat.TomcatWebServer - Tomcat initialized with port(s): 8888 (http)
2022-12-20 21:30:27 [main] INFO  o.a.coyote.http11.Http11NioProtocol - Initializing ProtocolHandler ["http-nio-8888"]
2022-12-20 21:30:27 [main] INFO  o.a.catalina.core.StandardService - Starting service [Tomcat]
2022-12-20 21:30:27 [main] INFO  o.a.catalina.core.StandardEngine - Starting Servlet engine: [Apache Tomcat/9.0.38]
2022-12-20 21:30:27 [main] INFO  o.a.c.c.C.[Tomcat].[localhost].[/] - Initializing Spring embedded WebApplicationContext
2022-12-20 21:30:27 [main] INFO  o.s.b.w.s.c.ServletWebServerApplicationContext - Root WebApplicationContext: initialization completed in 927 ms
2022-12-20 21:30:27 [main] INFO  o.s.s.c.ThreadPoolTaskExecutor - Initializing ExecutorService 'applicationTaskExecutor'
2022-12-20 21:30:30 [main] INFO  o.s.s.web.DefaultSecurityFilterChain - Creating filter chain: Ant [pattern='/actuator/**'], []
2022-12-20 21:30:30 [main] INFO  o.s.s.web.DefaultSecurityFilterChain - Creating filter chain: Ant [pattern='/encrypt/**'], []
2022-12-20 21:30:30 [main] INFO  o.s.s.web.DefaultSecurityFilterChain - Creating filter chain: Ant [pattern='/decrypt/**'], []
2022-12-20 21:30:30 [main] INFO  o.s.s.web.DefaultSecurityFilterChain - Creating filter chain: any request, [org.springframework.security.web.context.request.async.WebAsyncManagerIntegrationFilter@2299f6d7, org.springframework.security.web.context.SecurityContextPersistenceFilter@3df04fa1, org.springframework.security.web.header.HeaderWriterFilter@48aa0813, org.springframework.security.web.csrf.CsrfFilter@2864d34d, org.springframework.security.web.authentication.logout.LogoutFilter@1aee6d14, org.springframework.security.web.authentication.UsernamePasswordAuthenticationFilter@598e5cb8, org.springframework.security.web.authentication.ui.DefaultLoginPageGeneratingFilter@6b0ba697, org.springframework.security.web.authentication.ui.DefaultLogoutPageGeneratingFilter@5cd701e4, org.springframework.security.web.authentication.www.BasicAuthenticationFilter@6774f264, org.springframework.security.web.savedrequest.RequestCacheAwareFilter@6fdc2db6, org.springframework.security.web.servletapi.SecurityContextHolderAwareRequestFilter@4641f66c, org.springframework.security.web.authentication.AnonymousAuthenticationFilter@6c9151c1, org.springframework.security.web.session.SessionManagementFilter@6cbbfe29, org.springframework.security.web.access.ExceptionTranslationFilter@653e7b, org.springframework.security.web.access.intercept.FilterSecurityInterceptor@7538cfe6]
2022-12-20 21:30:30 [main] INFO  o.s.b.a.e.web.EndpointLinksResolver - Exposing 2 endpoint(s) beneath base path '/actuator'
2022-12-20 21:30:30 [main] INFO  o.a.coyote.http11.Http11NioProtocol - Starting ProtocolHandler ["http-nio-8888"]
2022-12-20 21:30:30 [main] INFO  o.s.b.w.e.tomcat.TomcatWebServer - Tomcat started on port(s): 8888 (http) with context path ''
2022-12-20 21:30:30 [main] INFO  c.m.demo.config.server.ConfigServer - Started ConfigServer in 5.369 seconds (JVM running for 7.213)
2022-12-20 21:30:39 [http-nio-8888-exec-1] INFO  o.a.c.c.C.[Tomcat].[localhost].[/] - Initializing Spring DispatcherServlet 'dispatcherServlet'
2022-12-20 21:30:39 [http-nio-8888-exec-1] INFO  o.s.web.servlet.DispatcherServlet - Initializing Servlet 'dispatcherServlet'
2022-12-20 21:30:39 [http-nio-8888-exec-1] INFO  o.s.web.servlet.DispatcherServlet - Completed initialization in 4 ms
2022-12-20 21:30:40 [http-nio-8888-exec-1] INFO  o.s.c.c.s.e.NativeEnvironmentRepository - Adding property source: file:/C:/Users/Sindroma/AppData/Local/Temp/config-repo-7002107397982526210/config-client-reactive_elastic_query.yml
2022-12-20 21:30:40 [http-nio-8888-exec-1] INFO  o.s.c.c.s.e.NativeEnvironmentRepository - Adding property source: file:/C:/Users/Sindroma/AppData/Local/Temp/config-repo-7002107397982526210/config-client.yml
2022-12-20 21:35:29 [Thread-3] WARN  o.s.c.c.s.e.MultipleJGitEnvironmentRepository - Failed to delete temporary directory on exit: java.nio.file.AccessDeniedException: C:\Users\Sindroma\AppData\Local\Temp\config-repo-7002107397982526210\.git\objects\pack\pack-74ae5e9a9bd3f6d9903373d280920d02b08a8eb5.idx
2022-12-20 21:35:29 [SpringContextShutdownHook] INFO  o.s.s.c.ThreadPoolTaskExecutor - Shutting down ExecutorService 'applicationTaskExecutor'
2022-12-20 21:40:06 [background-preinit] INFO  o.h.validator.internal.util.Version - HV000001: Hibernate Validator 6.1.5.Final
2022-12-20 21:40:07 [main] INFO  c.m.demo.config.server.ConfigServer - No active profile set, falling back to default profiles: default
2022-12-20 21:40:07 [main] INFO  o.s.cloud.context.scope.GenericScope - BeanFactory id=9f2b0f5b-a5d0-3e50-ac08-c75b27d86a88
2022-12-20 21:40:07 [main] INFO  o.s.b.w.e.tomcat.TomcatWebServer - Tomcat initialized with port(s): 8888 (http)
2022-12-20 21:40:07 [main] INFO  o.a.coyote.http11.Http11NioProtocol - Initializing ProtocolHandler ["http-nio-8888"]
2022-12-20 21:40:07 [main] INFO  o.a.catalina.core.StandardService - Starting service [Tomcat]
2022-12-20 21:40:07 [main] INFO  o.a.catalina.core.StandardEngine - Starting Servlet engine: [Apache Tomcat/9.0.38]
2022-12-20 21:40:07 [main] INFO  o.a.c.c.C.[Tomcat].[localhost].[/] - Initializing Spring embedded WebApplicationContext
2022-12-20 21:40:07 [main] INFO  o.s.b.w.s.c.ServletWebServerApplicationContext - Root WebApplicationContext: initialization completed in 726 ms
2022-12-20 21:40:07 [main] INFO  o.s.s.c.ThreadPoolTaskExecutor - Initializing ExecutorService 'applicationTaskExecutor'
2022-12-20 21:40:09 [main] INFO  o.s.s.web.DefaultSecurityFilterChain - Creating filter chain: Ant [pattern='/actuator/**'], []
2022-12-20 21:40:09 [main] INFO  o.s.s.web.DefaultSecurityFilterChain - Creating filter chain: Ant [pattern='/encrypt/**'], []
2022-12-20 21:40:09 [main] INFO  o.s.s.web.DefaultSecurityFilterChain - Creating filter chain: Ant [pattern='/decrypt/**'], []
2022-12-20 21:40:09 [main] INFO  o.s.s.web.DefaultSecurityFilterChain - Creating filter chain: any request, [org.springframework.security.web.context.request.async.WebAsyncManagerIntegrationFilter@2c3679e5, org.springframework.security.web.context.SecurityContextPersistenceFilter@5be69f7e, org.springframework.security.web.header.HeaderWriterFilter@25823192, org.springframework.security.web.csrf.CsrfFilter@3c97f5e9, org.springframework.security.web.authentication.logout.LogoutFilter@7fd2a67a, org.springframework.security.web.authentication.UsernamePasswordAuthenticationFilter@fa11fda, org.springframework.security.web.authentication.ui.DefaultLoginPageGeneratingFilter@1aa59698, org.springframework.security.web.authentication.ui.DefaultLogoutPageGeneratingFilter@41f40dfa, org.springframework.security.web.authentication.www.BasicAuthenticationFilter@6c9151c1, org.springframework.security.web.savedrequest.RequestCacheAwareFilter@16d61071, org.springframework.security.web.servletapi.SecurityContextHolderAwareRequestFilter@539ee811, org.springframework.security.web.authentication.AnonymousAuthenticationFilter@2548fc01, org.springframework.security.web.session.SessionManagementFilter@5c25daad, org.springframework.security.web.access.ExceptionTranslationFilter@45849604, org.springframework.security.web.access.intercept.FilterSecurityInterceptor@1b465fa9]
2022-12-20 21:40:10 [main] INFO  o.s.b.a.e.web.EndpointLinksResolver - Exposing 2 endpoint(s) beneath base path '/actuator'
2022-12-20 21:40:10 [main] INFO  o.a.coyote.http11.Http11NioProtocol - Starting ProtocolHandler ["http-nio-8888"]
2022-12-20 21:40:10 [main] INFO  o.s.b.w.e.tomcat.TomcatWebServer - Tomcat started on port(s): 8888 (http) with context path ''
2022-12-20 21:40:10 [main] INFO  c.m.demo.config.server.ConfigServer - Started ConfigServer in 4.129 seconds (JVM running for 4.65)
2022-12-20 21:40:10 [RMI TCP Connection(1)-172.21.16.1] INFO  o.a.c.c.C.[Tomcat].[localhost].[/] - Initializing Spring DispatcherServlet 'dispatcherServlet'
2022-12-20 21:40:10 [RMI TCP Connection(1)-172.21.16.1] INFO  o.s.web.servlet.DispatcherServlet - Initializing Servlet 'dispatcherServlet'
2022-12-20 21:40:10 [RMI TCP Connection(1)-172.21.16.1] INFO  o.s.web.servlet.DispatcherServlet - Completed initialization in 3 ms
2022-12-20 21:40:18 [http-nio-8888-exec-1] INFO  o.s.c.c.s.e.NativeEnvironmentRepository - Adding property source: file:/C:/Users/Sindroma/AppData/Local/Temp/config-repo-13614431289381140250/config-client-reactive_elastic_query.yml
2022-12-20 21:40:18 [http-nio-8888-exec-1] INFO  o.s.c.c.s.e.NativeEnvironmentRepository - Adding property source: file:/C:/Users/Sindroma/AppData/Local/Temp/config-repo-13614431289381140250/config-client.yml
2022-12-20 21:42:01 [Thread-3] WARN  o.s.c.c.s.e.MultipleJGitEnvironmentRepository - Failed to delete temporary directory on exit: java.nio.file.AccessDeniedException: C:\Users\Sindroma\AppData\Local\Temp\config-repo-13614431289381140250\.git\objects\pack\pack-74ae5e9a9bd3f6d9903373d280920d02b08a8eb5.idx
2022-12-20 21:42:01 [SpringContextShutdownHook] INFO  o.s.s.c.ThreadPoolTaskExecutor - Shutting down ExecutorService 'applicationTaskExecutor'
2022-12-20 21:44:10 [background-preinit] INFO  o.h.validator.internal.util.Version - HV000001: Hibernate Validator 6.1.5.Final
2022-12-20 21:44:10 [main] INFO  c.m.demo.config.server.ConfigServer - No active profile set, falling back to default profiles: default
2022-12-20 21:44:11 [main] INFO  o.s.cloud.context.scope.GenericScope - BeanFactory id=9f2b0f5b-a5d0-3e50-ac08-c75b27d86a88
2022-12-20 21:44:11 [main] INFO  o.s.b.w.e.tomcat.TomcatWebServer - Tomcat initialized with port(s): 8888 (http)
2022-12-20 21:44:11 [main] INFO  o.a.coyote.http11.Http11NioProtocol - Initializing ProtocolHandler ["http-nio-8888"]
2022-12-20 21:44:11 [main] INFO  o.a.catalina.core.StandardService - Starting service [Tomcat]
2022-12-20 21:44:11 [main] INFO  o.a.catalina.core.StandardEngine - Starting Servlet engine: [Apache Tomcat/9.0.38]
2022-12-20 21:44:11 [main] INFO  o.a.c.c.C.[Tomcat].[localhost].[/] - Initializing Spring embedded WebApplicationContext
2022-12-20 21:44:11 [main] INFO  o.s.b.w.s.c.ServletWebServerApplicationContext - Root WebApplicationContext: initialization completed in 717 ms
2022-12-20 21:44:11 [main] INFO  o.s.s.c.ThreadPoolTaskExecutor - Initializing ExecutorService 'applicationTaskExecutor'
2022-12-20 21:44:13 [main] INFO  o.s.s.web.DefaultSecurityFilterChain - Creating filter chain: Ant [pattern='/actuator/**'], []
2022-12-20 21:44:13 [main] INFO  o.s.s.web.DefaultSecurityFilterChain - Creating filter chain: Ant [pattern='/encrypt/**'], []
2022-12-20 21:44:13 [main] INFO  o.s.s.web.DefaultSecurityFilterChain - Creating filter chain: Ant [pattern='/decrypt/**'], []
2022-12-20 21:44:13 [main] INFO  o.s.s.web.DefaultSecurityFilterChain - Creating filter chain: any request, [org.springframework.security.web.context.request.async.WebAsyncManagerIntegrationFilter@7d95166a, org.springframework.security.web.context.SecurityContextPersistenceFilter@653e7b, org.springframework.security.web.header.HeaderWriterFilter@2862271a, org.springframework.security.web.csrf.CsrfFilter@42ffbab6, org.springframework.security.web.authentication.logout.LogoutFilter@41a8f0d8, org.springframework.security.web.authentication.UsernamePasswordAuthenticationFilter@4cadd4d4, org.springframework.security.web.authentication.ui.DefaultLoginPageGeneratingFilter@16d61071, org.springframework.security.web.authentication.ui.DefaultLogoutPageGeneratingFilter@18b3db6e, org.springframework.security.web.authentication.www.BasicAuthenticationFilter@24e1e90a, org.springframework.security.web.savedrequest.RequestCacheAwareFilter@48aa0813, org.springframework.security.web.servletapi.SecurityContextHolderAwareRequestFilter@64544ee4, org.springframework.security.web.authentication.AnonymousAuthenticationFilter@1feb586d, org.springframework.security.web.session.SessionManagementFilter@78fb72cb, org.springframework.security.web.access.ExceptionTranslationFilter@294ebe11, org.springframework.security.web.access.intercept.FilterSecurityInterceptor@4c28f97e]
2022-12-20 21:44:13 [main] INFO  o.s.b.a.e.web.EndpointLinksResolver - Exposing 2 endpoint(s) beneath base path '/actuator'
2022-12-20 21:44:13 [main] INFO  o.a.coyote.http11.Http11NioProtocol - Starting ProtocolHandler ["http-nio-8888"]
2022-12-20 21:44:14 [main] INFO  o.s.b.w.e.tomcat.TomcatWebServer - Tomcat started on port(s): 8888 (http) with context path ''
2022-12-20 21:44:14 [main] INFO  c.m.demo.config.server.ConfigServer - Started ConfigServer in 4.157 seconds (JVM running for 4.704)
2022-12-20 21:44:14 [RMI TCP Connection(1)-172.21.16.1] INFO  o.a.c.c.C.[Tomcat].[localhost].[/] - Initializing Spring DispatcherServlet 'dispatcherServlet'
2022-12-20 21:44:14 [RMI TCP Connection(1)-172.21.16.1] INFO  o.s.web.servlet.DispatcherServlet - Initializing Servlet 'dispatcherServlet'
2022-12-20 21:44:14 [RMI TCP Connection(1)-172.21.16.1] INFO  o.s.web.servlet.DispatcherServlet - Completed initialization in 3 ms
2022-12-20 21:44:24 [http-nio-8888-exec-1] INFO  o.s.c.c.s.e.NativeEnvironmentRepository - Adding property source: file:/C:/Users/Sindroma/AppData/Local/Temp/config-repo-9738294124364085831/config-client-reactive_elastic_query.yml
2022-12-20 21:44:24 [http-nio-8888-exec-1] INFO  o.s.c.c.s.e.NativeEnvironmentRepository - Adding property source: file:/C:/Users/Sindroma/AppData/Local/Temp/config-repo-9738294124364085831/config-client.yml
2022-12-20 21:45:31 [Thread-3] WARN  o.s.c.c.s.e.MultipleJGitEnvironmentRepository - Failed to delete temporary directory on exit: java.nio.file.AccessDeniedException: C:\Users\Sindroma\AppData\Local\Temp\config-repo-9738294124364085831\.git\objects\pack\pack-74ae5e9a9bd3f6d9903373d280920d02b08a8eb5.idx
2022-12-20 21:45:31 [SpringContextShutdownHook] INFO  o.s.s.c.ThreadPoolTaskExecutor - Shutting down ExecutorService 'applicationTaskExecutor'
2022-12-20 21:45:48 [background-preinit] INFO  o.h.validator.internal.util.Version - HV000001: Hibernate Validator 6.1.5.Final
2022-12-20 21:45:48 [main] INFO  c.m.demo.config.server.ConfigServer - No active profile set, falling back to default profiles: default
2022-12-20 21:45:49 [main] INFO  o.s.cloud.context.scope.GenericScope - BeanFactory id=9f2b0f5b-a5d0-3e50-ac08-c75b27d86a88
2022-12-20 21:45:49 [main] INFO  o.s.b.w.e.tomcat.TomcatWebServer - Tomcat initialized with port(s): 8888 (http)
2022-12-20 21:45:49 [main] INFO  o.a.coyote.http11.Http11NioProtocol - Initializing ProtocolHandler ["http-nio-8888"]
2022-12-20 21:45:49 [main] INFO  o.a.catalina.core.StandardService - Starting service [Tomcat]
2022-12-20 21:45:49 [main] INFO  o.a.catalina.core.StandardEngine - Starting Servlet engine: [Apache Tomcat/9.0.38]
2022-12-20 21:45:49 [main] INFO  o.a.c.c.C.[Tomcat].[localhost].[/] - Initializing Spring embedded WebApplicationContext
2022-12-20 21:45:49 [main] INFO  o.s.b.w.s.c.ServletWebServerApplicationContext - Root WebApplicationContext: initialization completed in 797 ms
2022-12-20 21:45:49 [main] INFO  o.s.s.c.ThreadPoolTaskExecutor - Initializing ExecutorService 'applicationTaskExecutor'
2022-12-20 21:45:51 [main] INFO  o.s.s.web.DefaultSecurityFilterChain - Creating filter chain: Ant [pattern='/actuator/**'], []
2022-12-20 21:45:51 [main] INFO  o.s.s.web.DefaultSecurityFilterChain - Creating filter chain: Ant [pattern='/encrypt/**'], []
2022-12-20 21:45:51 [main] INFO  o.s.s.web.DefaultSecurityFilterChain - Creating filter chain: Ant [pattern='/decrypt/**'], []
2022-12-20 21:45:51 [main] INFO  o.s.s.web.DefaultSecurityFilterChain - Creating filter chain: any request, [org.springframework.security.web.context.request.async.WebAsyncManagerIntegrationFilter@34695b23, org.springframework.security.web.context.SecurityContextPersistenceFilter@45849604, org.springframework.security.web.header.HeaderWriterFilter@398694a6, org.springframework.security.web.csrf.CsrfFilter@79c1ccf7, org.springframework.security.web.authentication.logout.LogoutFilter@3639b04, org.springframework.security.web.authentication.UsernamePasswordAuthenticationFilter@396f2724, org.springframework.security.web.authentication.ui.DefaultLoginPageGeneratingFilter@31fe0ce5, org.springframework.security.web.authentication.ui.DefaultLogoutPageGeneratingFilter@611a2d82, org.springframework.security.web.authentication.www.BasicAuthenticationFilter@1feb586d, org.springframework.security.web.savedrequest.RequestCacheAwareFilter@25823192, org.springframework.security.web.servletapi.SecurityContextHolderAwareRequestFilter@779b4f9c, org.springframework.security.web.authentication.AnonymousAuthenticationFilter@6774f264, org.springframework.security.web.session.SessionManagementFilter@6b64429e, org.springframework.security.web.access.ExceptionTranslationFilter@2419fe6f, org.springframework.security.web.access.intercept.FilterSecurityInterceptor@20a946d9]
2022-12-20 21:45:51 [main] INFO  o.s.b.a.e.web.EndpointLinksResolver - Exposing 2 endpoint(s) beneath base path '/actuator'
2022-12-20 21:45:51 [main] INFO  o.a.coyote.http11.Http11NioProtocol - Starting ProtocolHandler ["http-nio-8888"]
2022-12-20 21:45:51 [main] INFO  o.s.b.w.e.tomcat.TomcatWebServer - Tomcat started on port(s): 8888 (http) with context path ''
2022-12-20 21:45:52 [main] INFO  c.m.demo.config.server.ConfigServer - Started ConfigServer in 4.483 seconds (JVM running for 5.051)
2022-12-20 21:45:52 [RMI TCP Connection(3)-172.21.16.1] INFO  o.a.c.c.C.[Tomcat].[localhost].[/] - Initializing Spring DispatcherServlet 'dispatcherServlet'
2022-12-20 21:45:52 [RMI TCP Connection(3)-172.21.16.1] INFO  o.s.web.servlet.DispatcherServlet - Initializing Servlet 'dispatcherServlet'
2022-12-20 21:45:52 [RMI TCP Connection(3)-172.21.16.1] INFO  o.s.web.servlet.DispatcherServlet - Completed initialization in 5 ms
2022-12-20 21:46:07 [http-nio-8888-exec-1] INFO  o.s.c.c.s.e.NativeEnvironmentRepository - Adding property source: file:/C:/Users/Sindroma/AppData/Local/Temp/config-repo-7592776869171194298/config-client-reactive_elastic_query.yml
2022-12-20 21:46:07 [http-nio-8888-exec-1] INFO  o.s.c.c.s.e.NativeEnvironmentRepository - Adding property source: file:/C:/Users/Sindroma/AppData/Local/Temp/config-repo-7592776869171194298/config-client.yml
2022-12-20 21:47:20 [Thread-3] WARN  o.s.c.c.s.e.MultipleJGitEnvironmentRepository - Failed to delete temporary directory on exit: java.nio.file.AccessDeniedException: C:\Users\Sindroma\AppData\Local\Temp\config-repo-7592776869171194298\.git\objects\pack\pack-74ae5e9a9bd3f6d9903373d280920d02b08a8eb5.idx
2022-12-20 21:47:20 [SpringContextShutdownHook] INFO  o.s.s.c.ThreadPoolTaskExecutor - Shutting down ExecutorService 'applicationTaskExecutor'
2022-12-20 22:10:45 [background-preinit] INFO  o.h.validator.internal.util.Version - HV000001: Hibernate Validator 6.1.5.Final
2022-12-20 22:10:45 [main] INFO  c.m.demo.config.server.ConfigServer - No active profile set, falling back to default profiles: default
2022-12-20 22:10:46 [main] INFO  o.s.cloud.context.scope.GenericScope - BeanFactory id=9f2b0f5b-a5d0-3e50-ac08-c75b27d86a88
2022-12-20 22:10:46 [main] INFO  o.s.b.w.e.tomcat.TomcatWebServer - Tomcat initialized with port(s): 8888 (http)
2022-12-20 22:10:46 [main] INFO  o.a.coyote.http11.Http11NioProtocol - Initializing ProtocolHandler ["http-nio-8888"]
2022-12-20 22:10:46 [main] INFO  o.a.catalina.core.StandardService - Starting service [Tomcat]
2022-12-20 22:10:46 [main] INFO  o.a.catalina.core.StandardEngine - Starting Servlet engine: [Apache Tomcat/9.0.38]
2022-12-20 22:10:46 [main] INFO  o.a.c.c.C.[Tomcat].[localhost].[/] - Initializing Spring embedded WebApplicationContext
2022-12-20 22:10:46 [main] INFO  o.s.b.w.s.c.ServletWebServerApplicationContext - Root WebApplicationContext: initialization completed in 844 ms
2022-12-20 22:10:46 [main] INFO  o.s.s.c.ThreadPoolTaskExecutor - Initializing ExecutorService 'applicationTaskExecutor'
2022-12-20 22:10:49 [main] INFO  o.s.s.web.DefaultSecurityFilterChain - Creating filter chain: Ant [pattern='/actuator/**'], []
2022-12-20 22:10:49 [main] INFO  o.s.s.web.DefaultSecurityFilterChain - Creating filter chain: Ant [pattern='/encrypt/**'], []
2022-12-20 22:10:49 [main] INFO  o.s.s.web.DefaultSecurityFilterChain - Creating filter chain: Ant [pattern='/decrypt/**'], []
2022-12-20 22:10:49 [main] INFO  o.s.s.web.DefaultSecurityFilterChain - Creating filter chain: any request, [org.springframework.security.web.context.request.async.WebAsyncManagerIntegrationFilter@3eb0fd88, org.springframework.security.web.context.SecurityContextPersistenceFilter@7672960e, org.springframework.security.web.header.HeaderWriterFilter@26d24d7a, org.springframework.security.web.csrf.CsrfFilter@c1a74d, org.springframework.security.web.authentication.logout.LogoutFilter@5c25daad, org.springframework.security.web.authentication.UsernamePasswordAuthenticationFilter@174b8d0e, org.springframework.security.web.authentication.ui.DefaultLoginPageGeneratingFilter@22a63740, org.springframework.security.web.authentication.ui.DefaultLogoutPageGeneratingFilter@adc3344, org.springframework.security.web.authentication.www.BasicAuthenticationFilter@6e0d058a, org.springframework.security.web.savedrequest.RequestCacheAwareFilter@79c1ccf7, org.springframework.security.web.servletapi.SecurityContextHolderAwareRequestFilter@4583b617, org.springframework.security.web.authentication.AnonymousAuthenticationFilter@484302ee, org.springframework.security.web.session.SessionManagementFilter@4bab78ce, org.springframework.security.web.access.ExceptionTranslationFilter@a63643e, org.springframework.security.web.access.intercept.FilterSecurityInterceptor@5dce5c03]
2022-12-20 22:10:49 [main] INFO  o.s.b.a.e.web.EndpointLinksResolver - Exposing 2 endpoint(s) beneath base path '/actuator'
2022-12-20 22:10:49 [main] INFO  o.a.coyote.http11.Http11NioProtocol - Starting ProtocolHandler ["http-nio-8888"]
2022-12-20 22:10:49 [main] INFO  o.s.b.w.e.tomcat.TomcatWebServer - Tomcat started on port(s): 8888 (http) with context path ''
2022-12-20 22:10:49 [main] INFO  c.m.demo.config.server.ConfigServer - Started ConfigServer in 4.504 seconds (JVM running for 5.645)
2022-12-20 22:10:49 [RMI TCP Connection(3)-172.21.16.1] INFO  o.a.c.c.C.[Tomcat].[localhost].[/] - Initializing Spring DispatcherServlet 'dispatcherServlet'
2022-12-20 22:10:49 [RMI TCP Connection(3)-172.21.16.1] INFO  o.s.web.servlet.DispatcherServlet - Initializing Servlet 'dispatcherServlet'
2022-12-20 22:10:49 [RMI TCP Connection(3)-172.21.16.1] INFO  o.s.web.servlet.DispatcherServlet - Completed initialization in 4 ms
2022-12-20 22:10:58 [http-nio-8888-exec-1] INFO  o.s.c.c.s.e.NativeEnvironmentRepository - Adding property source: file:/C:/Users/Sindroma/AppData/Local/Temp/config-repo-1540335698903307635/config-client-reactive_elastic_query_web.yml
2022-12-20 22:10:58 [http-nio-8888-exec-1] INFO  o.s.c.c.s.e.NativeEnvironmentRepository - Adding property source: file:/C:/Users/Sindroma/AppData/Local/Temp/config-repo-1540335698903307635/config-client.yml
2022-12-20 22:15:09 [http-nio-8888-exec-3] INFO  o.s.c.c.s.e.NativeEnvironmentRepository - Adding property source: file:/C:/Users/Sindroma/AppData/Local/Temp/config-repo-1540335698903307635/config-client-reactive_elastic_query_web.yml
2022-12-20 22:15:09 [http-nio-8888-exec-3] INFO  o.s.c.c.s.e.NativeEnvironmentRepository - Adding property source: file:/C:/Users/Sindroma/AppData/Local/Temp/config-repo-1540335698903307635/config-client.yml
2022-12-20 22:19:21 [http-nio-8888-exec-4] INFO  o.s.c.c.s.e.NativeEnvironmentRepository - Adding property source: file:/C:/Users/Sindroma/AppData/Local/Temp/config-repo-1540335698903307635/config-client-reactive_elastic_query_web.yml
2022-12-20 22:19:21 [http-nio-8888-exec-4] INFO  o.s.c.c.s.e.NativeEnvironmentRepository - Adding property source: file:/C:/Users/Sindroma/AppData/Local/Temp/config-repo-1540335698903307635/config-client.yml
2022-12-20 22:20:32 [Thread-3] WARN  o.s.c.c.s.e.MultipleJGitEnvironmentRepository - Failed to delete temporary directory on exit: java.nio.file.AccessDeniedException: C:\Users\Sindroma\AppData\Local\Temp\config-repo-1540335698903307635\.git\objects\pack\pack-987f13266558fa95828b7383acf7b18b5c521fc9.idx
2022-12-20 22:20:32 [SpringContextShutdownHook] INFO  o.s.s.c.ThreadPoolTaskExecutor - Shutting down ExecutorService 'applicationTaskExecutor'
2022-12-20 22:24:31 [background-preinit] INFO  o.h.validator.internal.util.Version - HV000001: Hibernate Validator 6.1.5.Final
2022-12-20 22:24:32 [main] INFO  c.m.demo.config.server.ConfigServer - No active profile set, falling back to default profiles: default
2022-12-20 22:24:32 [main] INFO  o.s.cloud.context.scope.GenericScope - BeanFactory id=9f2b0f5b-a5d0-3e50-ac08-c75b27d86a88
2022-12-20 22:24:32 [main] INFO  o.s.b.w.e.tomcat.TomcatWebServer - Tomcat initialized with port(s): 8888 (http)
2022-12-20 22:24:32 [main] INFO  o.a.coyote.http11.Http11NioProtocol - Initializing ProtocolHandler ["http-nio-8888"]
2022-12-20 22:24:32 [main] INFO  o.a.catalina.core.StandardService - Starting service [Tomcat]
2022-12-20 22:24:32 [main] INFO  o.a.catalina.core.StandardEngine - Starting Servlet engine: [Apache Tomcat/9.0.38]
2022-12-20 22:24:32 [main] INFO  o.a.c.c.C.[Tomcat].[localhost].[/] - Initializing Spring embedded WebApplicationContext
2022-12-20 22:24:32 [main] INFO  o.s.b.w.s.c.ServletWebServerApplicationContext - Root WebApplicationContext: initialization completed in 729 ms
2022-12-20 22:24:33 [main] INFO  o.s.s.c.ThreadPoolTaskExecutor - Initializing ExecutorService 'applicationTaskExecutor'
2022-12-20 22:24:35 [main] INFO  o.s.s.web.DefaultSecurityFilterChain - Creating filter chain: Ant [pattern='/actuator/**'], []
2022-12-20 22:24:35 [main] INFO  o.s.s.web.DefaultSecurityFilterChain - Creating filter chain: Ant [pattern='/encrypt/**'], []
2022-12-20 22:24:35 [main] INFO  o.s.s.web.DefaultSecurityFilterChain - Creating filter chain: Ant [pattern='/decrypt/**'], []
2022-12-20 22:24:35 [main] INFO  o.s.s.web.DefaultSecurityFilterChain - Creating filter chain: any request, [org.springframework.security.web.context.request.async.WebAsyncManagerIntegrationFilter@6c9151c1, org.springframework.security.web.context.SecurityContextPersistenceFilter@6fdc2db6, org.springframework.security.web.header.HeaderWriterFilter@6cbbfe29, org.springframework.security.web.csrf.CsrfFilter@3e9b3b3c, org.springframework.security.web.authentication.logout.LogoutFilter@5c740c5a, org.springframework.security.web.authentication.UsernamePasswordAuthenticationFilter@300aa927, org.springframework.security.web.authentication.ui.DefaultLoginPageGeneratingFilter@539ee811, org.springframework.security.web.authentication.ui.DefaultLogoutPageGeneratingFilter@2c3679e5, org.springframework.security.web.authentication.www.BasicAuthenticationFilter@5cd701e4, org.springframework.security.web.savedrequest.RequestCacheAwareFilter@64544ee4, org.springframework.security.web.servletapi.SecurityContextHolderAwareRequestFilter@2a531637, org.springframework.security.web.authentication.AnonymousAuthenticationFilter@41f40dfa, org.springframework.security.web.session.SessionManagementFilter@3df04fa1, org.springframework.security.web.access.ExceptionTranslationFilter@48aa0813, org.springframework.security.web.access.intercept.FilterSecurityInterceptor@396f2724]
2022-12-20 22:24:35 [main] INFO  o.s.b.a.e.web.EndpointLinksResolver - Exposing 2 endpoint(s) beneath base path '/actuator'
2022-12-20 22:24:35 [main] INFO  o.a.coyote.http11.Http11NioProtocol - Starting ProtocolHandler ["http-nio-8888"]
2022-12-20 22:24:35 [main] INFO  o.s.b.w.e.tomcat.TomcatWebServer - Tomcat started on port(s): 8888 (http) with context path ''
2022-12-20 22:24:35 [main] INFO  c.m.demo.config.server.ConfigServer - Started ConfigServer in 4.092 seconds (JVM running for 4.589)
2022-12-20 22:24:35 [RMI TCP Connection(2)-172.21.16.1] INFO  o.a.c.c.C.[Tomcat].[localhost].[/] - Initializing Spring DispatcherServlet 'dispatcherServlet'
2022-12-20 22:24:35 [RMI TCP Connection(2)-172.21.16.1] INFO  o.s.web.servlet.DispatcherServlet - Initializing Servlet 'dispatcherServlet'
2022-12-20 22:24:35 [RMI TCP Connection(2)-172.21.16.1] INFO  o.s.web.servlet.DispatcherServlet - Completed initialization in 4 ms
2022-12-20 22:25:20 [http-nio-8888-exec-1] INFO  o.s.c.c.s.e.NativeEnvironmentRepository - Adding property source: file:/C:/Users/Sindroma/AppData/Local/Temp/config-repo-12116971585799467979/config-client-reactive_elastic_query_web.yml
2022-12-20 22:25:20 [http-nio-8888-exec-1] INFO  o.s.c.c.s.e.NativeEnvironmentRepository - Adding property source: file:/C:/Users/Sindroma/AppData/Local/Temp/config-repo-12116971585799467979/config-client.yml
2022-12-20 22:26:29 [http-nio-8888-exec-3] INFO  o.s.c.c.s.e.NativeEnvironmentRepository - Adding property source: file:/C:/Users/Sindroma/AppData/Local/Temp/config-repo-12116971585799467979/config-client-reactive_elastic_query_web.yml
2022-12-20 22:26:29 [http-nio-8888-exec-3] INFO  o.s.c.c.s.e.NativeEnvironmentRepository - Adding property source: file:/C:/Users/Sindroma/AppData/Local/Temp/config-repo-12116971585799467979/config-client.yml
2022-12-20 22:26:40 [http-nio-8888-exec-5] INFO  o.s.c.c.s.e.NativeEnvironmentRepository - Adding property source: file:/C:/Users/Sindroma/AppData/Local/Temp/config-repo-12116971585799467979/config-client-reactive_elastic_query_web.yml
2022-12-20 22:26:40 [http-nio-8888-exec-5] INFO  o.s.c.c.s.e.NativeEnvironmentRepository - Adding property source: file:/C:/Users/Sindroma/AppData/Local/Temp/config-repo-12116971585799467979/config-client.yml
2022-12-20 22:34:41 [Thread-3] WARN  o.s.c.c.s.e.MultipleJGitEnvironmentRepository - Failed to delete temporary directory on exit: java.nio.file.AccessDeniedException: C:\Users\Sindroma\AppData\Local\Temp\config-repo-12116971585799467979\.git\objects\pack\pack-987f13266558fa95828b7383acf7b18b5c521fc9.idx
2022-12-20 22:34:41 [SpringContextShutdownHook] INFO  o.s.s.c.ThreadPoolTaskExecutor - Shutting down ExecutorService 'applicationTaskExecutor'
2022-12-20 22:46:29 [background-preinit] INFO  o.h.validator.internal.util.Version - HV000001: Hibernate Validator 6.1.5.Final
2022-12-20 22:46:30 [main] INFO  c.m.demo.config.server.ConfigServer - No active profile set, falling back to default profiles: default
2022-12-20 22:46:30 [main] INFO  o.s.cloud.context.scope.GenericScope - BeanFactory id=9f2b0f5b-a5d0-3e50-ac08-c75b27d86a88
2022-12-20 22:46:30 [main] INFO  o.s.b.w.e.tomcat.TomcatWebServer - Tomcat initialized with port(s): 8888 (http)
2022-12-20 22:46:30 [main] INFO  o.a.coyote.http11.Http11NioProtocol - Initializing ProtocolHandler ["http-nio-8888"]
2022-12-20 22:46:30 [main] INFO  o.a.catalina.core.StandardService - Starting service [Tomcat]
2022-12-20 22:46:30 [main] INFO  o.a.catalina.core.StandardEngine - Starting Servlet engine: [Apache Tomcat/9.0.38]
2022-12-20 22:46:30 [main] INFO  o.a.c.c.C.[Tomcat].[localhost].[/] - Initializing Spring embedded WebApplicationContext
2022-12-20 22:46:30 [main] INFO  o.s.b.w.s.c.ServletWebServerApplicationContext - Root WebApplicationContext: initialization completed in 889 ms
2022-12-20 22:46:31 [main] INFO  o.s.s.c.ThreadPoolTaskExecutor - Initializing ExecutorService 'applicationTaskExecutor'
2022-12-20 22:46:33 [main] INFO  o.s.s.web.DefaultSecurityFilterChain - Creating filter chain: Ant [pattern='/actuator/**'], []
2022-12-20 22:46:33 [main] INFO  o.s.s.web.DefaultSecurityFilterChain - Creating filter chain: Ant [pattern='/encrypt/**'], []
2022-12-20 22:46:33 [main] INFO  o.s.s.web.DefaultSecurityFilterChain - Creating filter chain: Ant [pattern='/decrypt/**'], []
2022-12-20 22:46:33 [main] INFO  o.s.s.web.DefaultSecurityFilterChain - Creating filter chain: any request, [org.springframework.security.web.context.request.async.WebAsyncManagerIntegrationFilter@24e1e90a, org.springframework.security.web.context.SecurityContextPersistenceFilter@398694a6, org.springframework.security.web.header.HeaderWriterFilter@4e51eda7, org.springframework.security.web.csrf.CsrfFilter@4bab78ce, org.springframework.security.web.authentication.logout.LogoutFilter@30a62a5b, org.springframework.security.web.authentication.UsernamePasswordAuthenticationFilter@2b41b8bb, org.springframework.security.web.authentication.ui.DefaultLoginPageGeneratingFilter@64544ee4, org.springframework.security.web.authentication.ui.DefaultLogoutPageGeneratingFilter@7d95166a, org.springframework.security.web.authentication.www.BasicAuthenticationFilter@fa11fda, org.springframework.security.web.savedrequest.RequestCacheAwareFilter@6b64429e, org.springframework.security.web.servletapi.SecurityContextHolderAwareRequestFilter@5be69f7e, org.springframework.security.web.authentication.AnonymousAuthenticationFilter@18b3db6e, org.springframework.security.web.session.SessionManagementFilter@2419fe6f, org.springframework.security.web.access.ExceptionTranslationFilter@65ad2b42, org.springframework.security.web.access.intercept.FilterSecurityInterceptor@1c2cdc67]
2022-12-20 22:46:33 [main] INFO  o.s.b.a.e.web.EndpointLinksResolver - Exposing 2 endpoint(s) beneath base path '/actuator'
2022-12-20 22:46:33 [main] INFO  o.a.coyote.http11.Http11NioProtocol - Starting ProtocolHandler ["http-nio-8888"]
2022-12-20 22:46:33 [main] INFO  o.s.b.w.e.tomcat.TomcatWebServer - Tomcat started on port(s): 8888 (http) with context path ''
2022-12-20 22:46:33 [main] INFO  c.m.demo.config.server.ConfigServer - Started ConfigServer in 4.341 seconds (JVM running for 4.834)
2022-12-20 22:46:33 [RMI TCP Connection(3)-172.21.16.1] INFO  o.a.c.c.C.[Tomcat].[localhost].[/] - Initializing Spring DispatcherServlet 'dispatcherServlet'
2022-12-20 22:46:33 [RMI TCP Connection(3)-172.21.16.1] INFO  o.s.web.servlet.DispatcherServlet - Initializing Servlet 'dispatcherServlet'
2022-12-20 22:46:33 [RMI TCP Connection(3)-172.21.16.1] INFO  o.s.web.servlet.DispatcherServlet - Completed initialization in 4 ms
2022-12-20 22:46:42 [http-nio-8888-exec-1] INFO  o.s.c.c.s.e.NativeEnvironmentRepository - Adding property source: file:/C:/Users/Sindroma/AppData/Local/Temp/config-repo-346271671783352378/config-client-reactive_elastic_query.yml
2022-12-20 22:46:42 [http-nio-8888-exec-1] INFO  o.s.c.c.s.e.NativeEnvironmentRepository - Adding property source: file:/C:/Users/Sindroma/AppData/Local/Temp/config-repo-346271671783352378/config-client.yml
2022-12-20 22:46:50 [http-nio-8888-exec-2] INFO  o.s.c.c.s.e.NativeEnvironmentRepository - Adding property source: file:/C:/Users/Sindroma/AppData/Local/Temp/config-repo-346271671783352378/config-client-reactive_elastic_query_web.yml
2022-12-20 22:46:50 [http-nio-8888-exec-2] INFO  o.s.c.c.s.e.NativeEnvironmentRepository - Adding property source: file:/C:/Users/Sindroma/AppData/Local/Temp/config-repo-346271671783352378/config-client.yml
2022-12-20 22:48:12 [http-nio-8888-exec-5] INFO  o.s.c.c.s.e.NativeEnvironmentRepository - Adding property source: file:/C:/Users/Sindroma/AppData/Local/Temp/config-repo-346271671783352378/config-client-reactive_elastic_query.yml
2022-12-20 22:48:12 [http-nio-8888-exec-5] INFO  o.s.c.c.s.e.NativeEnvironmentRepository - Adding property source: file:/C:/Users/Sindroma/AppData/Local/Temp/config-repo-346271671783352378/config-client.yml
2022-12-20 22:48:19 [http-nio-8888-exec-6] INFO  o.s.c.c.s.e.NativeEnvironmentRepository - Adding property source: file:/C:/Users/Sindroma/AppData/Local/Temp/config-repo-346271671783352378/config-client-reactive_elastic_query_web.yml
2022-12-20 22:48:19 [http-nio-8888-exec-6] INFO  o.s.c.c.s.e.NativeEnvironmentRepository - Adding property source: file:/C:/Users/Sindroma/AppData/Local/Temp/config-repo-346271671783352378/config-client.yml
2022-12-20 22:49:02 [Thread-3] WARN  o.s.c.c.s.e.MultipleJGitEnvironmentRepository - Failed to delete temporary directory on exit: java.nio.file.AccessDeniedException: C:\Users\Sindroma\AppData\Local\Temp\config-repo-346271671783352378\.git\objects\pack\pack-987f13266558fa95828b7383acf7b18b5c521fc9.idx
2022-12-20 22:49:02 [SpringContextShutdownHook] INFO  o.s.s.c.ThreadPoolTaskExecutor - Shutting down ExecutorService 'applicationTaskExecutor'
