2022-12-20 08:36:34 [background-preinit] INFO  o.h.validator.internal.util.Version - HV000001: Hibernate Validator 6.1.5.Final
2022-12-20 08:36:35 [main] INFO  c.m.demo.config.server.ConfigServer - No active profile set, falling back to default profiles: default
2022-12-20 08:36:38 [main] INFO  o.s.cloud.context.scope.GenericScope - BeanFactory id=2a519873-3bf9-3410-9240-bed5bf7485b8
2022-12-20 08:36:38 [main] INFO  o.s.b.w.e.tomcat.TomcatWebServer - Tomcat initialized with port(s): 8888 (http)
2022-12-20 08:36:38 [main] INFO  o.a.coyote.http11.Http11NioProtocol - Initializing ProtocolHandler ["http-nio-8888"]
2022-12-20 08:36:38 [main] INFO  o.a.catalina.core.StandardService - Starting service [Tomcat]
2022-12-20 08:36:38 [main] INFO  o.a.catalina.core.StandardEngine - Starting Servlet engine: [Apache Tomcat/9.0.38]
2022-12-20 08:36:38 [main] INFO  o.a.c.c.C.[Tomcat].[localhost].[/] - Initializing Spring embedded WebApplicationContext
2022-12-20 08:36:38 [main] INFO  o.s.b.w.s.c.ServletWebServerApplicationContext - Root WebApplicationContext: initialization completed in 3331 ms
2022-12-20 08:36:40 [main] INFO  o.s.s.c.ThreadPoolTaskExecutor - Initializing ExecutorService 'applicationTaskExecutor'
2022-12-20 08:37:43 [background-preinit] INFO  o.h.validator.internal.util.Version - HV000001: Hibernate Validator 6.1.5.Final
2022-12-20 08:37:44 [main] INFO  c.m.demo.config.server.ConfigServer - No active profile set, falling back to default profiles: default
2022-12-20 08:37:48 [main] INFO  o.s.cloud.context.scope.GenericScope - BeanFactory id=2a519873-3bf9-3410-9240-bed5bf7485b8
2022-12-20 08:37:49 [main] INFO  o.s.b.w.e.tomcat.TomcatWebServer - Tomcat initialized with port(s): 8888 (http)
2022-12-20 08:37:49 [main] INFO  o.a.coyote.http11.Http11NioProtocol - Initializing ProtocolHandler ["http-nio-8888"]
2022-12-20 08:37:49 [main] INFO  o.a.catalina.core.StandardService - Starting service [Tomcat]
2022-12-20 08:37:49 [main] INFO  o.a.catalina.core.StandardEngine - Starting Servlet engine: [Apache Tomcat/9.0.38]
2022-12-20 08:37:49 [main] INFO  o.a.c.c.C.[Tomcat].[localhost].[/] - Initializing Spring embedded WebApplicationContext
2022-12-20 08:37:49 [main] INFO  o.s.b.w.s.c.ServletWebServerApplicationContext - Root WebApplicationContext: initialization completed in 4794 ms
2022-12-20 08:37:51 [main] INFO  o.s.s.c.ThreadPoolTaskExecutor - Initializing ExecutorService 'applicationTaskExecutor'
2022-12-20 08:37:57 [main] INFO  o.s.s.web.DefaultSecurityFilterChain - Creating filter chain: Ant [pattern='/actuator/**'], []
2022-12-20 08:37:57 [main] INFO  o.s.s.web.DefaultSecurityFilterChain - Creating filter chain: Ant [pattern='/encrypt/**'], []
2022-12-20 08:37:57 [main] INFO  o.s.s.web.DefaultSecurityFilterChain - Creating filter chain: Ant [pattern='/decrypt/**'], []
2022-12-20 08:37:57 [main] INFO  o.s.s.web.DefaultSecurityFilterChain - Creating filter chain: any request, [org.springframework.security.web.context.request.async.WebAsyncManagerIntegrationFilter@3eb0fd88, org.springframework.security.web.context.SecurityContextPersistenceFilter@7672960e, org.springframework.security.web.header.HeaderWriterFilter@26d24d7a, org.springframework.security.web.csrf.CsrfFilter@c1a74d, org.springframework.security.web.authentication.logout.LogoutFilter@5c25daad, org.springframework.security.web.authentication.UsernamePasswordAuthenticationFilter@174b8d0e, org.springframework.security.web.authentication.ui.DefaultLoginPageGeneratingFilter@22a63740, org.springframework.security.web.authentication.ui.DefaultLogoutPageGeneratingFilter@adc3344, org.springframework.security.web.authentication.www.BasicAuthenticationFilter@6e0d058a, org.springframework.security.web.savedrequest.RequestCacheAwareFilter@79c1ccf7, org.springframework.security.web.servletapi.SecurityContextHolderAwareRequestFilter@4583b617, org.springframework.security.web.authentication.AnonymousAuthenticationFilter@484302ee, org.springframework.security.web.session.SessionManagementFilter@4bab78ce, org.springframework.security.web.access.ExceptionTranslationFilter@a63643e, org.springframework.security.web.access.intercept.FilterSecurityInterceptor@5dce5c03]
2022-12-20 08:37:58 [main] INFO  o.s.b.a.e.web.EndpointLinksResolver - Exposing 2 endpoint(s) beneath base path '/actuator'
2022-12-20 08:37:58 [main] INFO  o.a.coyote.http11.Http11NioProtocol - Starting ProtocolHandler ["http-nio-8888"]
2022-12-20 08:37:58 [main] INFO  o.s.b.w.e.tomcat.TomcatWebServer - Tomcat started on port(s): 8888 (http) with context path ''
2022-12-20 08:37:58 [main] INFO  c.m.demo.config.server.ConfigServer - Started ConfigServer in 16.322 seconds (JVM running for 17.973)
2022-12-20 08:38:45 [http-nio-8888-exec-1] INFO  o.a.c.c.C.[Tomcat].[localhost].[/] - Initializing Spring DispatcherServlet 'dispatcherServlet'
2022-12-20 08:38:45 [http-nio-8888-exec-1] INFO  o.s.web.servlet.DispatcherServlet - Initializing Servlet 'dispatcherServlet'
2022-12-20 08:38:45 [http-nio-8888-exec-1] INFO  o.s.web.servlet.DispatcherServlet - Completed initialization in 6 ms
2022-12-20 08:38:48 [http-nio-8888-exec-2] INFO  o.s.c.c.s.e.NativeEnvironmentRepository - Adding property source: file:/tmp/config-repo-6285204239432985921/config-client-twitter_to_kafka.yml
2022-12-20 08:38:48 [http-nio-8888-exec-2] INFO  o.s.c.c.s.e.NativeEnvironmentRepository - Adding property source: file:/tmp/config-repo-6285204239432985921/config-client.yml
2022-12-20 08:38:53 [http-nio-8888-exec-4] INFO  o.s.c.c.s.e.NativeEnvironmentRepository - Adding property source: file:/tmp/config-repo-6285204239432985921/config-client-elastic_query.yml
2022-12-20 08:38:53 [http-nio-8888-exec-4] INFO  o.s.c.c.s.e.NativeEnvironmentRepository - Adding property source: file:/tmp/config-repo-6285204239432985921/config-client.yml
2022-12-20 08:38:54 [http-nio-8888-exec-6] INFO  o.s.c.c.s.e.NativeEnvironmentRepository - Adding property source: file:/tmp/config-repo-6285204239432985921/config-client-kafka_to_elastic.yml
2022-12-20 08:38:54 [http-nio-8888-exec-6] INFO  o.s.c.c.s.e.NativeEnvironmentRepository - Adding property source: file:/tmp/config-repo-6285204239432985921/config-client.yml
2022-12-20 15:01:31 [background-preinit] INFO  o.h.validator.internal.util.Version - HV000001: Hibernate Validator 6.1.5.Final
2022-12-20 15:01:33 [main] INFO  c.m.demo.config.server.ConfigServer - No active profile set, falling back to default profiles: default
2022-12-20 15:01:37 [main] INFO  o.s.cloud.context.scope.GenericScope - BeanFactory id=2a519873-3bf9-3410-9240-bed5bf7485b8
2022-12-20 15:01:39 [main] INFO  o.s.b.w.e.tomcat.TomcatWebServer - Tomcat initialized with port(s): 8888 (http)
2022-12-20 15:01:39 [main] INFO  o.a.coyote.http11.Http11NioProtocol - Initializing ProtocolHandler ["http-nio-8888"]
2022-12-20 15:01:39 [main] INFO  o.a.catalina.core.StandardService - Starting service [Tomcat]
2022-12-20 15:01:39 [main] INFO  o.a.catalina.core.StandardEngine - Starting Servlet engine: [Apache Tomcat/9.0.38]
2022-12-20 15:01:39 [main] INFO  o.a.c.c.C.[Tomcat].[localhost].[/] - Initializing Spring embedded WebApplicationContext
2022-12-20 15:01:39 [main] INFO  o.s.b.w.s.c.ServletWebServerApplicationContext - Root WebApplicationContext: initialization completed in 5983 ms
2022-12-20 15:01:41 [main] INFO  o.s.s.c.ThreadPoolTaskExecutor - Initializing ExecutorService 'applicationTaskExecutor'
2022-12-20 15:01:53 [main] INFO  o.s.s.web.DefaultSecurityFilterChain - Creating filter chain: Ant [pattern='/actuator/**'], []
2022-12-20 15:01:53 [main] INFO  o.s.s.web.DefaultSecurityFilterChain - Creating filter chain: Ant [pattern='/encrypt/**'], []
2022-12-20 15:01:53 [main] INFO  o.s.s.web.DefaultSecurityFilterChain - Creating filter chain: Ant [pattern='/decrypt/**'], []
2022-12-20 15:01:53 [main] INFO  o.s.s.web.DefaultSecurityFilterChain - Creating filter chain: any request, [org.springframework.security.web.context.request.async.WebAsyncManagerIntegrationFilter@3eb0fd88, org.springframework.security.web.context.SecurityContextPersistenceFilter@7672960e, org.springframework.security.web.header.HeaderWriterFilter@26d24d7a, org.springframework.security.web.csrf.CsrfFilter@c1a74d, org.springframework.security.web.authentication.logout.LogoutFilter@5c25daad, org.springframework.security.web.authentication.UsernamePasswordAuthenticationFilter@174b8d0e, org.springframework.security.web.authentication.ui.DefaultLoginPageGeneratingFilter@22a63740, org.springframework.security.web.authentication.ui.DefaultLogoutPageGeneratingFilter@adc3344, org.springframework.security.web.authentication.www.BasicAuthenticationFilter@6e0d058a, org.springframework.security.web.savedrequest.RequestCacheAwareFilter@79c1ccf7, org.springframework.security.web.servletapi.SecurityContextHolderAwareRequestFilter@4583b617, org.springframework.security.web.authentication.AnonymousAuthenticationFilter@484302ee, org.springframework.security.web.session.SessionManagementFilter@4bab78ce, org.springframework.security.web.access.ExceptionTranslationFilter@a63643e, org.springframework.security.web.access.intercept.FilterSecurityInterceptor@5dce5c03]
2022-12-20 15:01:54 [main] INFO  o.s.b.a.e.web.EndpointLinksResolver - Exposing 2 endpoint(s) beneath base path '/actuator'
2022-12-20 15:01:54 [main] INFO  o.a.coyote.http11.Http11NioProtocol - Starting ProtocolHandler ["http-nio-8888"]
2022-12-20 15:01:54 [main] INFO  o.s.b.w.e.tomcat.TomcatWebServer - Tomcat started on port(s): 8888 (http) with context path ''
2022-12-20 15:01:54 [main] INFO  c.m.demo.config.server.ConfigServer - Started ConfigServer in 26.108 seconds (JVM running for 28.561)
2022-12-20 15:02:02 [http-nio-8888-exec-1] INFO  o.a.c.c.C.[Tomcat].[localhost].[/] - Initializing Spring DispatcherServlet 'dispatcherServlet'
2022-12-20 15:02:02 [http-nio-8888-exec-1] INFO  o.s.web.servlet.DispatcherServlet - Initializing Servlet 'dispatcherServlet'
2022-12-20 15:02:02 [http-nio-8888-exec-1] INFO  o.s.web.servlet.DispatcherServlet - Completed initialization in 11 ms
2022-12-20 15:02:05 [http-nio-8888-exec-2] INFO  o.s.c.c.s.e.NativeEnvironmentRepository - Adding property source: file:/tmp/config-repo-3871003561582051658/config-client-elastic_query.yml
2022-12-20 15:02:05 [http-nio-8888-exec-2] INFO  o.s.c.c.s.e.NativeEnvironmentRepository - Adding property source: file:/tmp/config-repo-3871003561582051658/config-client.yml
2022-12-20 15:02:30 [http-nio-8888-exec-4] INFO  o.s.c.c.s.e.NativeEnvironmentRepository - Adding property source: file:/tmp/config-repo-3871003561582051658/config-client-kafka_to_elastic.yml
2022-12-20 15:02:30 [http-nio-8888-exec-4] INFO  o.s.c.c.s.e.NativeEnvironmentRepository - Adding property source: file:/tmp/config-repo-3871003561582051658/config-client.yml
2022-12-20 15:02:35 [http-nio-8888-exec-5] INFO  o.s.c.c.s.e.NativeEnvironmentRepository - Adding property source: file:/tmp/config-repo-3871003561582051658/config-client-twitter_to_kafka.yml
2022-12-20 15:02:35 [http-nio-8888-exec-5] INFO  o.s.c.c.s.e.NativeEnvironmentRepository - Adding property source: file:/tmp/config-repo-3871003561582051658/config-client.yml
2022-12-20 15:02:40 [http-nio-8888-exec-7] INFO  o.s.c.c.s.e.NativeEnvironmentRepository - Adding property source: file:/tmp/config-repo-3871003561582051658/config-client-elastic_query.yml
2022-12-20 15:02:40 [http-nio-8888-exec-7] INFO  o.s.c.c.s.e.NativeEnvironmentRepository - Adding property source: file:/tmp/config-repo-3871003561582051658/config-client.yml
2022-12-20 15:03:29 [http-nio-8888-exec-9] INFO  o.s.c.c.s.e.NativeEnvironmentRepository - Adding property source: file:/tmp/config-repo-3871003561582051658/config-client-elastic_query_web.yml
2022-12-20 15:03:29 [http-nio-8888-exec-9] INFO  o.s.c.c.s.e.NativeEnvironmentRepository - Adding property source: file:/tmp/config-repo-3871003561582051658/config-client.yml
2022-12-20 15:04:57 [http-nio-8888-exec-3] INFO  o.s.c.c.s.e.NativeEnvironmentRepository - Adding property source: file:/tmp/config-repo-3871003561582051658/config-client-elastic_query_web.yml
2022-12-20 15:04:57 [http-nio-8888-exec-3] INFO  o.s.c.c.s.e.NativeEnvironmentRepository - Adding property source: file:/tmp/config-repo-3871003561582051658/config-client.yml
2022-12-20 15:08:43 [SpringContextShutdownHook] INFO  o.s.s.c.ThreadPoolTaskExecutor - Shutting down ExecutorService 'applicationTaskExecutor'
2022-12-20 15:09:09 [background-preinit] INFO  o.h.validator.internal.util.Version - HV000001: Hibernate Validator 6.1.5.Final
2022-12-20 15:09:09 [main] INFO  c.m.demo.config.server.ConfigServer - No active profile set, falling back to default profiles: default
2022-12-20 15:09:10 [main] INFO  o.s.cloud.context.scope.GenericScope - BeanFactory id=2a519873-3bf9-3410-9240-bed5bf7485b8
2022-12-20 15:09:10 [main] INFO  o.s.b.w.e.tomcat.TomcatWebServer - Tomcat initialized with port(s): 8888 (http)
2022-12-20 15:09:10 [main] INFO  o.a.coyote.http11.Http11NioProtocol - Initializing ProtocolHandler ["http-nio-8888"]
2022-12-20 15:09:10 [main] INFO  o.a.catalina.core.StandardService - Starting service [Tomcat]
2022-12-20 15:09:10 [main] INFO  o.a.catalina.core.StandardEngine - Starting Servlet engine: [Apache Tomcat/9.0.38]
2022-12-20 15:09:10 [main] INFO  o.a.c.c.C.[Tomcat].[localhost].[/] - Initializing Spring embedded WebApplicationContext
2022-12-20 15:09:10 [main] INFO  o.s.b.w.s.c.ServletWebServerApplicationContext - Root WebApplicationContext: initialization completed in 1260 ms
2022-12-20 15:09:11 [main] INFO  o.s.s.c.ThreadPoolTaskExecutor - Initializing ExecutorService 'applicationTaskExecutor'
2022-12-20 15:09:14 [main] INFO  o.s.s.web.DefaultSecurityFilterChain - Creating filter chain: Ant [pattern='/actuator/**'], []
2022-12-20 15:09:14 [main] INFO  o.s.s.web.DefaultSecurityFilterChain - Creating filter chain: Ant [pattern='/encrypt/**'], []
2022-12-20 15:09:14 [main] INFO  o.s.s.web.DefaultSecurityFilterChain - Creating filter chain: Ant [pattern='/decrypt/**'], []
2022-12-20 15:09:14 [main] INFO  o.s.s.web.DefaultSecurityFilterChain - Creating filter chain: any request, [org.springframework.security.web.context.request.async.WebAsyncManagerIntegrationFilter@1214c98b, org.springframework.security.web.context.SecurityContextPersistenceFilter@5a78b52b, org.springframework.security.web.header.HeaderWriterFilter@6143b2b1, org.springframework.security.web.csrf.CsrfFilter@e993715, org.springframework.security.web.authentication.logout.LogoutFilter@6cbbfe29, org.springframework.security.web.authentication.UsernamePasswordAuthenticationFilter@1c135f63, org.springframework.security.web.authentication.ui.DefaultLoginPageGeneratingFilter@3c97f5e9, org.springframework.security.web.authentication.ui.DefaultLogoutPageGeneratingFilter@6ab50d1c, org.springframework.security.web.authentication.www.BasicAuthenticationFilter@eebc0db, org.springframework.security.web.savedrequest.RequestCacheAwareFilter@42ffbab6, org.springframework.security.web.servletapi.SecurityContextHolderAwareRequestFilter@3e9b3b3c, org.springframework.security.web.authentication.AnonymousAuthenticationFilter@6e0d058a, org.springframework.security.web.session.SessionManagementFilter@43294e9b, org.springframework.security.web.access.ExceptionTranslationFilter@40013051, org.springframework.security.web.access.intercept.FilterSecurityInterceptor@391dfe7c]
2022-12-20 15:09:14 [main] INFO  o.s.b.a.e.web.EndpointLinksResolver - Exposing 2 endpoint(s) beneath base path '/actuator'
2022-12-20 15:09:14 [main] INFO  o.a.coyote.http11.Http11NioProtocol - Starting ProtocolHandler ["http-nio-8888"]
2022-12-20 15:09:14 [main] INFO  o.s.b.w.e.tomcat.TomcatWebServer - Tomcat started on port(s): 8888 (http) with context path ''
2022-12-20 15:09:14 [main] INFO  c.m.demo.config.server.ConfigServer - Started ConfigServer in 6.095 seconds (JVM running for 6.686)
2022-12-20 15:09:24 [http-nio-8888-exec-1] INFO  o.a.c.c.C.[Tomcat].[localhost].[/] - Initializing Spring DispatcherServlet 'dispatcherServlet'
2022-12-20 15:09:24 [http-nio-8888-exec-1] INFO  o.s.web.servlet.DispatcherServlet - Initializing Servlet 'dispatcherServlet'
2022-12-20 15:09:24 [http-nio-8888-exec-1] INFO  o.s.web.servlet.DispatcherServlet - Completed initialization in 6 ms
2022-12-20 15:09:27 [http-nio-8888-exec-2] INFO  o.s.c.c.s.e.NativeEnvironmentRepository - Adding property source: file:/tmp/config-repo-10576165821951361389/config-client-twitter_to_kafka.yml
2022-12-20 15:09:27 [http-nio-8888-exec-2] INFO  o.s.c.c.s.e.NativeEnvironmentRepository - Adding property source: file:/tmp/config-repo-10576165821951361389/config-client.yml
2022-12-20 15:10:06 [http-nio-8888-exec-3] INFO  o.s.c.c.s.e.NativeEnvironmentRepository - Adding property source: file:/tmp/config-repo-10576165821951361389/config-client-kafka_to_elastic.yml
2022-12-20 15:10:06 [http-nio-8888-exec-3] INFO  o.s.c.c.s.e.NativeEnvironmentRepository - Adding property source: file:/tmp/config-repo-10576165821951361389/config-client.yml
2022-12-20 15:10:14 [http-nio-8888-exec-6] INFO  o.s.c.c.s.e.NativeEnvironmentRepository - Adding property source: file:/tmp/config-repo-10576165821951361389/config-client-elastic_query.yml
2022-12-20 15:10:14 [http-nio-8888-exec-6] INFO  o.s.c.c.s.e.NativeEnvironmentRepository - Adding property source: file:/tmp/config-repo-10576165821951361389/config-client.yml
2022-12-20 15:10:14 [http-nio-8888-exec-7] INFO  o.s.c.c.s.e.NativeEnvironmentRepository - Adding property source: file:/tmp/config-repo-10576165821951361389/config-client-elastic_query.yml
2022-12-20 15:10:14 [http-nio-8888-exec-7] INFO  o.s.c.c.s.e.NativeEnvironmentRepository - Adding property source: file:/tmp/config-repo-10576165821951361389/config-client.yml
2022-12-20 15:11:02 [http-nio-8888-exec-9] INFO  o.s.c.c.s.e.NativeEnvironmentRepository - Adding property source: file:/tmp/config-repo-10576165821951361389/config-client-elastic_query_web.yml
2022-12-20 15:11:02 [http-nio-8888-exec-9] INFO  o.s.c.c.s.e.NativeEnvironmentRepository - Adding property source: file:/tmp/config-repo-10576165821951361389/config-client.yml
2022-12-20 15:40:33 [background-preinit] INFO  o.h.validator.internal.util.Version - HV000001: Hibernate Validator 6.1.5.Final
2022-12-20 15:40:34 [main] INFO  c.m.demo.config.server.ConfigServer - No active profile set, falling back to default profiles: default
2022-12-20 15:40:37 [main] INFO  o.s.cloud.context.scope.GenericScope - BeanFactory id=2a519873-3bf9-3410-9240-bed5bf7485b8
2022-12-20 15:40:37 [main] INFO  o.s.b.w.e.tomcat.TomcatWebServer - Tomcat initialized with port(s): 8888 (http)
2022-12-20 15:40:37 [main] INFO  o.a.coyote.http11.Http11NioProtocol - Initializing ProtocolHandler ["http-nio-8888"]
2022-12-20 15:40:37 [main] INFO  o.a.catalina.core.StandardService - Starting service [Tomcat]
2022-12-20 15:40:37 [main] INFO  o.a.catalina.core.StandardEngine - Starting Servlet engine: [Apache Tomcat/9.0.38]
2022-12-20 15:40:38 [main] INFO  o.a.c.c.C.[Tomcat].[localhost].[/] - Initializing Spring embedded WebApplicationContext
2022-12-20 15:40:38 [main] INFO  o.s.b.w.s.c.ServletWebServerApplicationContext - Root WebApplicationContext: initialization completed in 3755 ms
2022-12-20 15:40:39 [main] INFO  o.s.s.c.ThreadPoolTaskExecutor - Initializing ExecutorService 'applicationTaskExecutor'
2022-12-20 15:40:46 [main] INFO  o.s.s.web.DefaultSecurityFilterChain - Creating filter chain: Ant [pattern='/actuator/**'], []
2022-12-20 15:40:46 [main] INFO  o.s.s.web.DefaultSecurityFilterChain - Creating filter chain: Ant [pattern='/encrypt/**'], []
2022-12-20 15:40:46 [main] INFO  o.s.s.web.DefaultSecurityFilterChain - Creating filter chain: Ant [pattern='/decrypt/**'], []
2022-12-20 15:40:46 [main] INFO  o.s.s.web.DefaultSecurityFilterChain - Creating filter chain: any request, [org.springframework.security.web.context.request.async.WebAsyncManagerIntegrationFilter@3eb0fd88, org.springframework.security.web.context.SecurityContextPersistenceFilter@7672960e, org.springframework.security.web.header.HeaderWriterFilter@26d24d7a, org.springframework.security.web.csrf.CsrfFilter@c1a74d, org.springframework.security.web.authentication.logout.LogoutFilter@5c25daad, org.springframework.security.web.authentication.UsernamePasswordAuthenticationFilter@174b8d0e, org.springframework.security.web.authentication.ui.DefaultLoginPageGeneratingFilter@22a63740, org.springframework.security.web.authentication.ui.DefaultLogoutPageGeneratingFilter@adc3344, org.springframework.security.web.authentication.www.BasicAuthenticationFilter@6e0d058a, org.springframework.security.web.savedrequest.RequestCacheAwareFilter@79c1ccf7, org.springframework.security.web.servletapi.SecurityContextHolderAwareRequestFilter@4583b617, org.springframework.security.web.authentication.AnonymousAuthenticationFilter@484302ee, org.springframework.security.web.session.SessionManagementFilter@4bab78ce, org.springframework.security.web.access.ExceptionTranslationFilter@a63643e, org.springframework.security.web.access.intercept.FilterSecurityInterceptor@5dce5c03]
2022-12-20 15:40:47 [main] INFO  o.s.b.a.e.web.EndpointLinksResolver - Exposing 2 endpoint(s) beneath base path '/actuator'
2022-12-20 15:40:47 [main] INFO  o.a.coyote.http11.Http11NioProtocol - Starting ProtocolHandler ["http-nio-8888"]
2022-12-20 15:40:47 [main] INFO  o.s.b.w.e.tomcat.TomcatWebServer - Tomcat started on port(s): 8888 (http) with context path ''
2022-12-20 15:40:47 [main] INFO  c.m.demo.config.server.ConfigServer - Started ConfigServer in 15.341 seconds (JVM running for 16.391)
2022-12-20 15:41:03 [http-nio-8888-exec-2] INFO  o.a.c.c.C.[Tomcat].[localhost].[/] - Initializing Spring DispatcherServlet 'dispatcherServlet'
2022-12-20 15:41:03 [http-nio-8888-exec-2] INFO  o.s.web.servlet.DispatcherServlet - Initializing Servlet 'dispatcherServlet'
2022-12-20 15:41:03 [http-nio-8888-exec-2] INFO  o.s.web.servlet.DispatcherServlet - Completed initialization in 7 ms
2022-12-20 15:41:06 [http-nio-8888-exec-1] INFO  o.s.c.c.s.e.NativeEnvironmentRepository - Adding property source: file:/tmp/config-repo-14791022510873022026/config-client-elastic_query.yml
2022-12-20 15:41:06 [http-nio-8888-exec-1] INFO  o.s.c.c.s.e.NativeEnvironmentRepository - Adding property source: file:/tmp/config-repo-14791022510873022026/config-client.yml
2022-12-20 15:41:12 [http-nio-8888-exec-4] INFO  o.s.c.c.s.e.NativeEnvironmentRepository - Adding property source: file:/tmp/config-repo-14791022510873022026/config-client-kafka_to_elastic.yml
2022-12-20 15:41:12 [http-nio-8888-exec-4] INFO  o.s.c.c.s.e.NativeEnvironmentRepository - Adding property source: file:/tmp/config-repo-14791022510873022026/config-client.yml
2022-12-20 15:41:13 [http-nio-8888-exec-5] INFO  o.s.c.c.s.e.NativeEnvironmentRepository - Adding property source: file:/tmp/config-repo-14791022510873022026/config-client-twitter_to_kafka.yml
2022-12-20 15:41:13 [http-nio-8888-exec-5] INFO  o.s.c.c.s.e.NativeEnvironmentRepository - Adding property source: file:/tmp/config-repo-14791022510873022026/config-client.yml
2022-12-20 15:41:20 [http-nio-8888-exec-7] INFO  o.s.c.c.s.e.NativeEnvironmentRepository - Adding property source: file:/tmp/config-repo-14791022510873022026/config-client-elastic_query.yml
2022-12-20 15:41:20 [http-nio-8888-exec-7] INFO  o.s.c.c.s.e.NativeEnvironmentRepository - Adding property source: file:/tmp/config-repo-14791022510873022026/config-client.yml
2022-12-20 15:41:37 [http-nio-8888-exec-9] INFO  o.s.c.c.s.e.NativeEnvironmentRepository - Adding property source: file:/tmp/config-repo-14791022510873022026/config-client-elastic_query_web.yml
2022-12-20 15:41:37 [http-nio-8888-exec-9] INFO  o.s.c.c.s.e.NativeEnvironmentRepository - Adding property source: file:/tmp/config-repo-14791022510873022026/config-client.yml
2022-12-20 15:43:21 [SpringContextShutdownHook] INFO  o.s.s.c.ThreadPoolTaskExecutor - Shutting down ExecutorService 'applicationTaskExecutor'
