2022-12-17 13:52:25 [main] INFO  o.s.c.c.c.ConfigServicePropertySourceLocator - Fetching config from server at : http://config-server:8888
2022-12-17 13:52:26 [main] INFO  o.s.c.c.c.ConfigServicePropertySourceLocator - Located environment: name=kafka-to-elastic-service,config-client, profiles=[kafka_to_elastic], label=null, version=543b7dc603a0abd4ef2c44e17191eea25d6ec2ac, state=null
2022-12-17 13:52:26 [main] INFO  o.s.c.b.c.PropertySourceBootstrapConfiguration - Located property source: [BootstrapPropertySource {name='bootstrapProperties-configClient'}, BootstrapPropertySource {name='bootstrapProperties-https://github.com/eno-lc/spring-cloud-config-server-repository/config-client-kafka_to_elastic.yml'}, BootstrapPropertySource {name='bootstrapProperties-https://github.com/eno-lc/spring-cloud-config-server-repository/config-client.yml'}]
2022-12-17 13:52:26 [main] INFO  c.m.d.k.t.e.s.KafkaToElasticServiceApplication - The following profiles are active: kafka_to_elastic
2022-12-17 13:52:27 [main] INFO  o.s.d.r.c.RepositoryConfigurationDelegate - Bootstrapping Spring Data Elasticsearch repositories in DEFAULT mode.
2022-12-17 13:52:28 [main] INFO  o.s.d.r.c.RepositoryConfigurationDelegate - Finished Spring Data repository scanning in 126ms. Found 1 Elasticsearch repository interfaces.
2022-12-17 13:52:28 [main] INFO  o.s.d.r.c.RepositoryConfigurationDelegate - Bootstrapping Spring Data Reactive Elasticsearch repositories in DEFAULT mode.
2022-12-17 13:52:28 [main] INFO  o.s.d.r.c.RepositoryConfigurationDelegate - Finished Spring Data repository scanning in 7ms. Found 0 Reactive Elasticsearch repository interfaces.
2022-12-17 13:52:28 [main] INFO  o.s.cloud.context.scope.GenericScope - BeanFactory id=47f516ab-396c-36c7-bf71-49538470b6d4
2022-12-17 13:52:28 [main] INFO  o.s.c.s.PostProcessorRegistrationDelegate$BeanPostProcessorChecker - Bean 'org.springframework.retry.annotation.RetryConfiguration' of type [org.springframework.retry.annotation.RetryConfiguration$$EnhancerBySpringCGLIB$$f9854155] is not eligible for getting processed by all BeanPostProcessors (for example: not eligible for auto-proxying)
2022-12-17 13:52:28 [main] INFO  o.a.k.c.admin.AdminClientConfig - AdminClientConfig values: 
	bootstrap.servers = [kafka-broker-1:9092, kafka-broker-2:9092, kafka-broker-3:9092]
	client.dns.lookup = default
	client.id = 
	connections.max.idle.ms = 300000
	default.api.timeout.ms = 60000
	metadata.max.age.ms = 300000
	metric.reporters = []
	metrics.num.samples = 2
	metrics.recording.level = INFO
	metrics.sample.window.ms = 30000
	receive.buffer.bytes = 65536
	reconnect.backoff.max.ms = 1000
	reconnect.backoff.ms = 50
	request.timeout.ms = 30000
	retries = 2147483647
	retry.backoff.ms = 100
	sasl.client.callback.handler.class = null
	sasl.jaas.config = null
	sasl.kerberos.kinit.cmd = /usr/bin/kinit
	sasl.kerberos.min.time.before.relogin = 60000
	sasl.kerberos.service.name = null
	sasl.kerberos.ticket.renew.jitter = 0.05
	sasl.kerberos.ticket.renew.window.factor = 0.8
	sasl.login.callback.handler.class = null
	sasl.login.class = null
	sasl.login.refresh.buffer.seconds = 300
	sasl.login.refresh.min.period.seconds = 60
	sasl.login.refresh.window.factor = 0.8
	sasl.login.refresh.window.jitter = 0.05
	sasl.mechanism = GSSAPI
	security.protocol = PLAINTEXT
	security.providers = null
	send.buffer.bytes = 131072
	ssl.cipher.suites = null
	ssl.enabled.protocols = [TLSv1.2]
	ssl.endpoint.identification.algorithm = https
	ssl.key.password = null
	ssl.keymanager.algorithm = SunX509
	ssl.keystore.location = null
	ssl.keystore.password = null
	ssl.keystore.type = JKS
	ssl.protocol = TLSv1.2
	ssl.provider = null
	ssl.secure.random.implementation = null
	ssl.trustmanager.algorithm = PKIX
	ssl.truststore.location = null
	ssl.truststore.password = null
	ssl.truststore.type = JKS

2022-12-17 13:52:28 [main] INFO  o.a.kafka.common.utils.AppInfoParser - Kafka version: 2.5.1
2022-12-17 13:52:28 [main] INFO  o.a.kafka.common.utils.AppInfoParser - Kafka commitId: 0efa8fb0f4c73d92
2022-12-17 13:52:28 [main] INFO  o.a.kafka.common.utils.AppInfoParser - Kafka startTimeMs: 1671285148617
2022-12-17 13:52:28 [main] WARN  o.s.data.convert.CustomConversions - Registering converter from class org.springframework.data.geo.Point to interface java.util.Map as writing converter although it doesn't convert to a store-supported type! You might want to check your annotation setup at the converter implementation.
2022-12-17 13:52:28 [main] WARN  o.s.data.convert.CustomConversions - Registering converter from interface java.util.Map to class org.springframework.data.geo.Point as reading converter although it doesn't convert from a store-supported type! You might want to check your annotation setup at the converter implementation.
2022-12-17 13:52:28 [main] WARN  o.s.data.convert.CustomConversions - Registering converter from class org.springframework.data.elasticsearch.core.geo.GeoPoint to interface java.util.Map as writing converter although it doesn't convert to a store-supported type! You might want to check your annotation setup at the converter implementation.
2022-12-17 13:52:28 [main] WARN  o.s.data.convert.CustomConversions - Registering converter from interface java.util.Map to class org.springframework.data.elasticsearch.core.geo.GeoPoint as reading converter although it doesn't convert from a store-supported type! You might want to check your annotation setup at the converter implementation.
2022-12-17 13:52:28 [main] WARN  o.s.data.convert.CustomConversions - Registering converter from class org.springframework.data.geo.Point to interface java.util.Map as writing converter although it doesn't convert to a store-supported type! You might want to check your annotation setup at the converter implementation.
2022-12-17 13:52:28 [main] WARN  o.s.data.convert.CustomConversions - Registering converter from interface java.util.Map to class org.springframework.data.geo.Point as reading converter although it doesn't convert from a store-supported type! You might want to check your annotation setup at the converter implementation.
2022-12-17 13:52:28 [main] WARN  o.s.data.convert.CustomConversions - Registering converter from class org.springframework.data.elasticsearch.core.geo.GeoPoint to interface java.util.Map as writing converter although it doesn't convert to a store-supported type! You might want to check your annotation setup at the converter implementation.
2022-12-17 13:52:28 [main] WARN  o.s.data.convert.CustomConversions - Registering converter from interface java.util.Map to class org.springframework.data.elasticsearch.core.geo.GeoPoint as reading converter although it doesn't convert from a store-supported type! You might want to check your annotation setup at the converter implementation.
2022-12-17 13:52:33 [main] INFO  o.s.d.e.support.VersionInfo - Version Spring Data Elasticsearch: 4.0.4.RELEASE
2022-12-17 13:52:33 [main] INFO  o.s.d.e.support.VersionInfo - Version Elasticsearch Client in build: 7.6.2
2022-12-17 13:52:33 [main] INFO  o.s.d.e.support.VersionInfo - Version Elasticsearch Client used: 7.9.1
2022-12-17 13:52:33 [main] WARN  o.s.d.e.support.VersionInfo - Version mismatch in between Elasticsearch Clients build/use: 7.6.2 - 7.9.1
2022-12-17 13:52:33 [main] INFO  o.s.d.e.support.VersionInfo - Version Elasticsearch cluster: 7.9.1
2022-12-17 13:52:34 [main] INFO  o.s.b.a.s.r.ReactiveUserDetailsServiceAutoConfiguration - 

Using generated security password: 21de9d21-58e7-4527-8a82-52f6b0e9cce0

2022-12-17 13:52:34 [main] INFO  o.s.b.w.e.netty.NettyWebServer - Netty started on port(s): 8182
2022-12-17 13:52:34 [main] INFO  c.m.d.k.t.e.s.KafkaToElasticServiceApplication - Started KafkaToElasticServiceApplication in 12.193 seconds (JVM running for 12.771)
2022-12-17 13:52:34 [main] INFO  c.m.d.k.a.client.KafkaAdminClient - Reading kafka topic [twitter-topic], attempt 0
2022-12-17 13:52:35 [main] INFO  c.m.d.k.t.e.s.c.i.TwitterKafkaConsumer - Topics with name twitter-topic is ready for operations!
2022-12-17 13:52:35 [main] INFO  o.a.k.c.consumer.ConsumerConfig - ConsumerConfig values: 
	allow.auto.create.topics = true
	auto.commit.interval.ms = 5000
	auto.offset.reset = earliest
	bootstrap.servers = [kafka-broker-1:9092, kafka-broker-2:9092, kafka-broker-3:9092]
	check.crcs = true
	client.dns.lookup = default
	client.id = 
	client.rack = 
	connections.max.idle.ms = 540000
	default.api.timeout.ms = 60000
	enable.auto.commit = false
	exclude.internal.topics = true
	fetch.max.bytes = 52428800
	fetch.max.wait.ms = 500
	fetch.min.bytes = 1
	group.id = twitterTopicListener
	group.instance.id = null
	heartbeat.interval.ms = 3000
	interceptor.classes = []
	internal.leave.group.on.close = true
	isolation.level = read_uncommitted
	key.deserializer = class org.apache.kafka.common.serialization.LongDeserializer
	max.partition.fetch.bytes = 1048576
	max.poll.interval.ms = 300000
	max.poll.records = 500
	metadata.max.age.ms = 300000
	metric.reporters = []
	metrics.num.samples = 2
	metrics.recording.level = INFO
	metrics.sample.window.ms = 30000
	partition.assignment.strategy = [class org.apache.kafka.clients.consumer.RangeAssignor]
	receive.buffer.bytes = 65536
	reconnect.backoff.max.ms = 1000
	reconnect.backoff.ms = 50
	request.timeout.ms = 30000
	retry.backoff.ms = 100
	sasl.client.callback.handler.class = null
	sasl.jaas.config = null
	sasl.kerberos.kinit.cmd = /usr/bin/kinit
	sasl.kerberos.min.time.before.relogin = 60000
	sasl.kerberos.service.name = null
	sasl.kerberos.ticket.renew.jitter = 0.05
	sasl.kerberos.ticket.renew.window.factor = 0.8
	sasl.login.callback.handler.class = null
	sasl.login.class = null
	sasl.login.refresh.buffer.seconds = 300
	sasl.login.refresh.min.period.seconds = 60
	sasl.login.refresh.window.factor = 0.8
	sasl.login.refresh.window.jitter = 0.05
	sasl.mechanism = GSSAPI
	security.protocol = PLAINTEXT
	security.providers = null
	send.buffer.bytes = 131072
	session.timeout.ms = 10000
	ssl.cipher.suites = null
	ssl.enabled.protocols = [TLSv1.2]
	ssl.endpoint.identification.algorithm = https
	ssl.key.password = null
	ssl.keymanager.algorithm = SunX509
	ssl.keystore.location = null
	ssl.keystore.password = null
	ssl.keystore.type = JKS
	ssl.protocol = TLSv1.2
	ssl.provider = null
	ssl.secure.random.implementation = null
	ssl.trustmanager.algorithm = PKIX
	ssl.truststore.location = null
	ssl.truststore.password = null
	ssl.truststore.type = JKS
	value.deserializer = class io.confluent.kafka.serializers.KafkaAvroDeserializer

2022-12-17 13:52:35 [main] INFO  i.c.k.s.KafkaAvroDeserializerConfig - KafkaAvroDeserializerConfig values: 
	bearer.auth.token = [hidden]
	proxy.port = -1
	schema.reflection = false
	auto.register.schemas = true
	max.schemas.per.subject = 1000
	basic.auth.credentials.source = URL
	specific.avro.reader = true
	value.subject.name.strategy = class io.confluent.kafka.serializers.subject.TopicNameStrategy
	schema.registry.url = [http://schema-registry:8081]
	basic.auth.user.info = [hidden]
	proxy.host = 
	use.latest.version = false
	schema.registry.basic.auth.user.info = [hidden]
	bearer.auth.credentials.source = STATIC_TOKEN
	key.subject.name.strategy = class io.confluent.kafka.serializers.subject.TopicNameStrategy

2022-12-17 13:52:35 [main] INFO  o.a.kafka.common.utils.AppInfoParser - Kafka version: 2.5.1
2022-12-17 13:52:35 [main] INFO  o.a.kafka.common.utils.AppInfoParser - Kafka commitId: 0efa8fb0f4c73d92
2022-12-17 13:52:35 [main] INFO  o.a.kafka.common.utils.AppInfoParser - Kafka startTimeMs: 1671285155134
2022-12-17 13:52:35 [main] INFO  o.a.k.clients.consumer.KafkaConsumer - [Consumer clientId=consumer-twitterTopicListener-1, groupId=twitterTopicListener] Subscribed to topic(s): twitter-topic
2022-12-17 13:52:35 [main] INFO  o.s.s.c.ThreadPoolTaskScheduler - Initializing ExecutorService
2022-12-17 13:52:35 [main] INFO  o.a.k.c.consumer.ConsumerConfig - ConsumerConfig values: 
	allow.auto.create.topics = true
	auto.commit.interval.ms = 5000
	auto.offset.reset = earliest
	bootstrap.servers = [kafka-broker-1:9092, kafka-broker-2:9092, kafka-broker-3:9092]
	check.crcs = true
	client.dns.lookup = default
	client.id = 
	client.rack = 
	connections.max.idle.ms = 540000
	default.api.timeout.ms = 60000
	enable.auto.commit = false
	exclude.internal.topics = true
	fetch.max.bytes = 52428800
	fetch.max.wait.ms = 500
	fetch.min.bytes = 1
	group.id = twitterTopicListener
	group.instance.id = null
	heartbeat.interval.ms = 3000
	interceptor.classes = []
	internal.leave.group.on.close = true
	isolation.level = read_uncommitted
	key.deserializer = class org.apache.kafka.common.serialization.LongDeserializer
	max.partition.fetch.bytes = 1048576
	max.poll.interval.ms = 300000
	max.poll.records = 500
	metadata.max.age.ms = 300000
	metric.reporters = []
	metrics.num.samples = 2
	metrics.recording.level = INFO
	metrics.sample.window.ms = 30000
	partition.assignment.strategy = [class org.apache.kafka.clients.consumer.RangeAssignor]
	receive.buffer.bytes = 65536
	reconnect.backoff.max.ms = 1000
	reconnect.backoff.ms = 50
	request.timeout.ms = 30000
	retry.backoff.ms = 100
	sasl.client.callback.handler.class = null
	sasl.jaas.config = null
	sasl.kerberos.kinit.cmd = /usr/bin/kinit
	sasl.kerberos.min.time.before.relogin = 60000
	sasl.kerberos.service.name = null
	sasl.kerberos.ticket.renew.jitter = 0.05
	sasl.kerberos.ticket.renew.window.factor = 0.8
	sasl.login.callback.handler.class = null
	sasl.login.class = null
	sasl.login.refresh.buffer.seconds = 300
	sasl.login.refresh.min.period.seconds = 60
	sasl.login.refresh.window.factor = 0.8
	sasl.login.refresh.window.jitter = 0.05
	sasl.mechanism = GSSAPI
	security.protocol = PLAINTEXT
	security.providers = null
	send.buffer.bytes = 131072
	session.timeout.ms = 10000
	ssl.cipher.suites = null
	ssl.enabled.protocols = [TLSv1.2]
	ssl.endpoint.identification.algorithm = https
	ssl.key.password = null
	ssl.keymanager.algorithm = SunX509
	ssl.keystore.location = null
	ssl.keystore.password = null
	ssl.keystore.type = JKS
	ssl.protocol = TLSv1.2
	ssl.provider = null
	ssl.secure.random.implementation = null
	ssl.trustmanager.algorithm = PKIX
	ssl.truststore.location = null
	ssl.truststore.password = null
	ssl.truststore.type = JKS
	value.deserializer = class io.confluent.kafka.serializers.KafkaAvroDeserializer

2022-12-17 13:52:35 [main] INFO  i.c.k.s.KafkaAvroDeserializerConfig - KafkaAvroDeserializerConfig values: 
	bearer.auth.token = [hidden]
	proxy.port = -1
	schema.reflection = false
	auto.register.schemas = true
	max.schemas.per.subject = 1000
	basic.auth.credentials.source = URL
	specific.avro.reader = true
	value.subject.name.strategy = class io.confluent.kafka.serializers.subject.TopicNameStrategy
	schema.registry.url = [http://schema-registry:8081]
	basic.auth.user.info = [hidden]
	proxy.host = 
	use.latest.version = false
	schema.registry.basic.auth.user.info = [hidden]
	bearer.auth.credentials.source = STATIC_TOKEN
	key.subject.name.strategy = class io.confluent.kafka.serializers.subject.TopicNameStrategy

2022-12-17 13:52:35 [main] INFO  o.a.kafka.common.utils.AppInfoParser - Kafka version: 2.5.1
2022-12-17 13:52:35 [main] INFO  o.a.kafka.common.utils.AppInfoParser - Kafka commitId: 0efa8fb0f4c73d92
2022-12-17 13:52:35 [main] INFO  o.a.kafka.common.utils.AppInfoParser - Kafka startTimeMs: 1671285155160
2022-12-17 13:52:35 [main] INFO  o.a.k.clients.consumer.KafkaConsumer - [Consumer clientId=consumer-twitterTopicListener-2, groupId=twitterTopicListener] Subscribed to topic(s): twitter-topic
2022-12-17 13:52:35 [main] INFO  o.s.s.c.ThreadPoolTaskScheduler - Initializing ExecutorService
2022-12-17 13:52:35 [twitterTopicListener-0-C-1] INFO  org.apache.kafka.clients.Metadata - [Consumer clientId=consumer-twitterTopicListener-1, groupId=twitterTopicListener] Cluster ID: DR9iLg8vSwKF_tAktyhKag
2022-12-17 13:52:35 [twitterTopicListener-1-C-1] INFO  org.apache.kafka.clients.Metadata - [Consumer clientId=consumer-twitterTopicListener-2, groupId=twitterTopicListener] Cluster ID: DR9iLg8vSwKF_tAktyhKag
2022-12-17 13:52:36 [twitterTopicListener-0-C-1] INFO  o.a.k.c.c.i.AbstractCoordinator - [Consumer clientId=consumer-twitterTopicListener-1, groupId=twitterTopicListener] Discovered group coordinator kafka-broker-1:9092 (id: 2147483646 rack: null)
2022-12-17 13:52:36 [twitterTopicListener-0-C-1] INFO  o.a.k.c.c.i.AbstractCoordinator - [Consumer clientId=consumer-twitterTopicListener-1, groupId=twitterTopicListener] (Re-)joining group
2022-12-17 13:52:36 [twitterTopicListener-1-C-1] INFO  o.a.k.c.c.i.AbstractCoordinator - [Consumer clientId=consumer-twitterTopicListener-2, groupId=twitterTopicListener] Discovered group coordinator kafka-broker-1:9092 (id: 2147483646 rack: null)
2022-12-17 13:52:36 [twitterTopicListener-1-C-1] INFO  o.a.k.c.c.i.AbstractCoordinator - [Consumer clientId=consumer-twitterTopicListener-2, groupId=twitterTopicListener] (Re-)joining group
2022-12-17 13:52:42 [twitterTopicListener-0-C-1] INFO  o.a.k.c.c.i.ConsumerCoordinator - [Consumer clientId=consumer-twitterTopicListener-1, groupId=twitterTopicListener] Finished assignment for group at generation 1: {consumer-twitterTopicListener-2-62f1b421-90f5-4644-b46c-fc3ee557a10e=Assignment(partitions=[twitter-topic-1]), consumer-twitterTopicListener-1-dd3f0fcc-8910-42ed-9ff4-4a0155abb673=Assignment(partitions=[twitter-topic-0])}
2022-12-17 13:52:43 [twitterTopicListener-1-C-1] INFO  o.a.k.c.c.i.AbstractCoordinator - [Consumer clientId=consumer-twitterTopicListener-2, groupId=twitterTopicListener] Successfully joined group with generation 1
2022-12-17 13:52:43 [twitterTopicListener-0-C-1] INFO  o.a.k.c.c.i.AbstractCoordinator - [Consumer clientId=consumer-twitterTopicListener-1, groupId=twitterTopicListener] Successfully joined group with generation 1
2022-12-17 13:52:43 [twitterTopicListener-1-C-1] INFO  o.a.k.c.c.i.ConsumerCoordinator - [Consumer clientId=consumer-twitterTopicListener-2, groupId=twitterTopicListener] Adding newly assigned partitions: twitter-topic-1
2022-12-17 13:52:43 [twitterTopicListener-0-C-1] INFO  o.a.k.c.c.i.ConsumerCoordinator - [Consumer clientId=consumer-twitterTopicListener-1, groupId=twitterTopicListener] Adding newly assigned partitions: twitter-topic-0
2022-12-17 13:52:43 [twitterTopicListener-0-C-1] INFO  o.a.k.c.c.i.ConsumerCoordinator - [Consumer clientId=consumer-twitterTopicListener-1, groupId=twitterTopicListener] Found no committed offset for partition twitter-topic-0
2022-12-17 13:52:43 [twitterTopicListener-1-C-1] INFO  o.a.k.c.c.i.ConsumerCoordinator - [Consumer clientId=consumer-twitterTopicListener-2, groupId=twitterTopicListener] Found no committed offset for partition twitter-topic-1
2022-12-17 13:52:43 [twitterTopicListener-1-C-1] INFO  o.a.k.c.c.i.SubscriptionState - [Consumer clientId=consumer-twitterTopicListener-2, groupId=twitterTopicListener] Resetting offset for partition twitter-topic-1 to offset 0.
2022-12-17 13:52:43 [twitterTopicListener-0-C-1] INFO  o.a.k.c.c.i.SubscriptionState - [Consumer clientId=consumer-twitterTopicListener-1, groupId=twitterTopicListener] Resetting offset for partition twitter-topic-0 to offset 0.
2022-12-17 13:52:43 [twitterTopicListener-0-C-1] INFO  o.s.k.l.KafkaMessageListenerContainer - twitterTopicListener: partitions assigned: [twitter-topic-0]
2022-12-17 13:52:43 [twitterTopicListener-1-C-1] INFO  o.s.k.l.KafkaMessageListenerContainer - twitterTopicListener: partitions assigned: [twitter-topic-1]
2022-12-17 13:56:50 [twitterTopicListener-0-C-1] INFO  c.m.d.k.t.e.s.c.i.TwitterKafkaConsumer - 2 number of message received with keys [1571210648, 1255022272412172288], partitions [0, 0] and offsets [0, 1], sending it to elastic: Thread id 67
2022-12-17 13:56:50 [twitterTopicListener-1-C-1] INFO  c.m.d.k.t.e.s.c.i.TwitterKafkaConsumer - 2 number of message received with keys [1368800100705734659, 112913149], partitions [1, 1] and offsets [0, 1], sending it to elastic: Thread id 69
2022-12-17 13:56:50 [twitterTopicListener-0-C-1] INFO  c.m.d.e.i.c.s.i.TwitterElasticRepositoryIndexClient - Documents indexed successfully with type: com.microservices.demo.elastic.model.index.impl.TwitterIndexModel and ids: [1604113275330904064, 1604113280787775488]
2022-12-17 13:56:50 [twitterTopicListener-1-C-1] INFO  c.m.d.e.i.c.s.i.TwitterElasticRepositoryIndexClient - Documents indexed successfully with type: com.microservices.demo.elastic.model.index.impl.TwitterIndexModel and ids: [1604113100285673472, 1604113170351767553]
2022-12-17 13:56:50 [twitterTopicListener-0-C-1] INFO  c.m.d.k.t.e.s.c.i.TwitterKafkaConsumer - Documents saved to elasticsearch with ids 1604113275330904064
2022-12-17 13:56:50 [twitterTopicListener-1-C-1] INFO  c.m.d.k.t.e.s.c.i.TwitterKafkaConsumer - Documents saved to elasticsearch with ids 1604113100285673472
2022-12-17 13:56:50 [twitterTopicListener-0-C-1] INFO  c.m.d.k.t.e.s.c.i.TwitterKafkaConsumer - 1 number of message received with keys [1103399027033497600], partitions [0] and offsets [2], sending it to elastic: Thread id 67
2022-12-17 13:56:50 [twitterTopicListener-1-C-1] INFO  c.m.d.k.t.e.s.c.i.TwitterKafkaConsumer - 7 number of message received with keys [5127661, 2350903291, 61180644, 1582584003563225089, 249325493, 1103137420373942273, 1007270730994733056], partitions [1, 1, 1, 1, 1, 1, 1] and offsets [2, 3, 4, 5, 6, 7, 8], sending it to elastic: Thread id 69
2022-12-17 13:56:50 [twitterTopicListener-0-C-1] INFO  c.m.d.e.i.c.s.i.TwitterElasticRepositoryIndexClient - Documents indexed successfully with type: com.microservices.demo.elastic.model.index.impl.TwitterIndexModel and ids: [1604113306033217537]
2022-12-17 13:56:50 [twitterTopicListener-1-C-1] INFO  c.m.d.e.i.c.s.i.TwitterElasticRepositoryIndexClient - Documents indexed successfully with type: com.microservices.demo.elastic.model.index.impl.TwitterIndexModel and ids: [1604113185203576832, 1604113207827865600, 1604113222189342720, 1604113230741344256, 1604113246876831750, 1604113249209044992, 1604113257551527937]
2022-12-17 13:56:50 [twitterTopicListener-0-C-1] INFO  c.m.d.k.t.e.s.c.i.TwitterKafkaConsumer - Documents saved to elasticsearch with ids 1604113306033217537
2022-12-17 13:56:50 [twitterTopicListener-1-C-1] INFO  c.m.d.k.t.e.s.c.i.TwitterKafkaConsumer - Documents saved to elasticsearch with ids 1604113185203576832
2022-12-17 13:57:31 [twitterTopicListener-0-C-1] INFO  c.m.d.k.t.e.s.c.i.TwitterKafkaConsumer - 1 number of message received with keys [1513665160333996033], partitions [0] and offsets [3], sending it to elastic: Thread id 67
2022-12-17 13:57:31 [twitterTopicListener-1-C-1] INFO  c.m.d.k.t.e.s.c.i.TwitterKafkaConsumer - 5 number of message received with keys [94293281, 1590470248477724673, 1565189950097821696, 889372088842297344, 1574978441216069632], partitions [1, 1, 1, 1, 1] and offsets [9, 10, 11, 12, 13], sending it to elastic: Thread id 69
2022-12-17 13:57:31 [twitterTopicListener-0-C-1] INFO  c.m.d.e.i.c.s.i.TwitterElasticRepositoryIndexClient - Documents indexed successfully with type: com.microservices.demo.elastic.model.index.impl.TwitterIndexModel and ids: [1604113359997382656]
2022-12-17 13:57:31 [twitterTopicListener-1-C-1] INFO  c.m.d.e.i.c.s.i.TwitterElasticRepositoryIndexClient - Documents indexed successfully with type: com.microservices.demo.elastic.model.index.impl.TwitterIndexModel and ids: [1604113369123807232, 1604113374052089857, 1604113376778518529, 1604113390015741960, 1604113427898802178]
2022-12-17 13:57:31 [twitterTopicListener-0-C-1] INFO  c.m.d.k.t.e.s.c.i.TwitterKafkaConsumer - Documents saved to elasticsearch with ids 1604113359997382656
2022-12-17 13:57:31 [twitterTopicListener-1-C-1] INFO  c.m.d.k.t.e.s.c.i.TwitterKafkaConsumer - Documents saved to elasticsearch with ids 1604113369123807232
2022-12-17 13:57:31 [twitterTopicListener-0-C-1] INFO  c.m.d.k.t.e.s.c.i.TwitterKafkaConsumer - 1 number of message received with keys [1375961552122044417], partitions [0] and offsets [4], sending it to elastic: Thread id 67
2022-12-17 13:57:31 [twitterTopicListener-1-C-1] INFO  c.m.d.k.t.e.s.c.i.TwitterKafkaConsumer - 2 number of message received with keys [1358806251077922816, 102584292], partitions [1, 1] and offsets [14, 15], sending it to elastic: Thread id 69
2022-12-17 13:57:31 [twitterTopicListener-0-C-1] INFO  c.m.d.e.i.c.s.i.TwitterElasticRepositoryIndexClient - Documents indexed successfully with type: com.microservices.demo.elastic.model.index.impl.TwitterIndexModel and ids: [1604113442721632256]
2022-12-17 13:57:31 [twitterTopicListener-1-C-1] INFO  c.m.d.e.i.c.s.i.TwitterElasticRepositoryIndexClient - Documents indexed successfully with type: com.microservices.demo.elastic.model.index.impl.TwitterIndexModel and ids: [1604113440448315392, 1604113441996017665]
2022-12-17 13:57:31 [twitterTopicListener-0-C-1] INFO  c.m.d.k.t.e.s.c.i.TwitterKafkaConsumer - Documents saved to elasticsearch with ids 1604113442721632256
2022-12-17 13:57:31 [twitterTopicListener-1-C-1] INFO  c.m.d.k.t.e.s.c.i.TwitterKafkaConsumer - Documents saved to elasticsearch with ids 1604113440448315392
2022-12-17 13:57:31 [twitterTopicListener-1-C-1] INFO  c.m.d.k.t.e.s.c.i.TwitterKafkaConsumer - 4 number of message received with keys [1082275070184247296, 1424683011006603272, 1571653037944623104, 1508819223178772480], partitions [1, 1, 1, 1] and offsets [16, 17, 18, 19], sending it to elastic: Thread id 69
2022-12-17 13:57:31 [twitterTopicListener-0-C-1] INFO  c.m.d.k.t.e.s.c.i.TwitterKafkaConsumer - 2 number of message received with keys [1103399027033497600, 1521832426963677184], partitions [0, 0] and offsets [5, 6], sending it to elastic: Thread id 67
2022-12-17 13:57:32 [twitterTopicListener-1-C-1] INFO  c.m.d.e.i.c.s.i.TwitterElasticRepositoryIndexClient - Documents indexed successfully with type: com.microservices.demo.elastic.model.index.impl.TwitterIndexModel and ids: [1604113446924173312, 1604113470714130434, 1604113481619603456, 1604113491992129536]
2022-12-17 13:57:32 [twitterTopicListener-0-C-1] INFO  c.m.d.e.i.c.s.i.TwitterElasticRepositoryIndexClient - Documents indexed successfully with type: com.microservices.demo.elastic.model.index.impl.TwitterIndexModel and ids: [1604113448379588608, 1604113508530065409]
2022-12-17 13:57:32 [twitterTopicListener-1-C-1] INFO  c.m.d.k.t.e.s.c.i.TwitterKafkaConsumer - Documents saved to elasticsearch with ids 1604113446924173312
2022-12-17 13:57:32 [twitterTopicListener-0-C-1] INFO  c.m.d.k.t.e.s.c.i.TwitterKafkaConsumer - Documents saved to elasticsearch with ids 1604113448379588608
